----------------------------------------
Timestamp: 10/12/2015 9:12:48 PM

Message: HandlingInstanceID: 950b146f-0868-4387-afba-f37b440b47a8
An exception of type 'System.Security.Cryptography.CryptographicException' occurred and was caught.
---------------------------------------------------------------------------------------------------
10/12/2015 17:12:48
Type : System.Security.Cryptography.CryptographicException, mscorlib, Version=4.0.0.0, Culture=neutral, PublicKeyToken=b77a5c561934e089
Message : Bad Data.

Source : mscorlib
Help link : 
Data : System.Collections.ListDictionaryInternal
TargetSite : Void ThrowCryptographicException(Int32)
HResult : -2146893819
Stack Trace :    at System.Security.Cryptography.CryptographicException.ThrowCryptographicException(Int32 hr)
   at System.Security.Cryptography.Utils._DecryptData(SafeKeyHandle hKey, Byte[] data, Int32 ib, Int32 cb, Byte[]& outputBuffer, Int32 outputOffset, PaddingMode PaddingMode, Boolean fDone)
   at System.Security.Cryptography.CryptoAPITransform.TransformFinalBlock(Byte[] inputBuffer, Int32 inputOffset, Int32 inputCount)
   at System.Security.Cryptography.CryptoStream.FlushFinalBlock()
   at System.Security.Cryptography.CryptoStream.Dispose(Boolean disposing)
   at System.IO.Stream.Close()
   at System.IO.Stream.Dispose()
   at Telerik.Sitefinity.Security.SecurityManager.DecryptData(Byte[] data)
   at Telerik.Sitefinity.Security.Claims.SitefinityCookieTransform.Decode(Byte[] encoded)
   at Microsoft.IdentityModel.Tokens.SessionSecurityTokenHandler.ApplyTransforms(Byte[] cookie, Boolean outbound)
   at Microsoft.IdentityModel.Tokens.SessionSecurityTokenHandler.ReadToken(XmlReader reader, SecurityTokenResolver tokenResolver)
   at Telerik.Sitefinity.Security.Claims.SitefinitySessionTokenHandler.ReadToken(XmlReader reader, SecurityTokenResolver tokenResolver)
   at Microsoft.IdentityModel.Tokens.SessionSecurityTokenHandler.ReadToken(Byte[] token, SecurityTokenResolver tokenResolver)
   at Telerik.Sitefinity.Security.Claims.SitefinitySessionAuthenticationModule.ReadToken(Byte[] sessionCookie)

Additional Info:

MachineName : L76MIA0U2071HKK
TimeStamp : 10/12/2015 9:12:48 PM
FullName : Telerik.Sitefinity.Utilities, Version=8.1.5820.0, Culture=neutral, PublicKeyToken=b28c218413bdf563
AppDomainName : /LM/W3SVC/2/ROOT-3-130891579493027953
ThreadIdentity : 
WindowsIdentity : PRODCEAD\jz3350
Requested URL : http://localhost:60876/Sitefinity/Services/Pages/ZoneEditorService.svc/Page/c84795db-8708-6177-8507-ff000056674f/


Category: ErrorLog

Priority: 0

EventId: 9010

Severity: Warning

Title:Enterprise Library Exception Handling

Machine: L76MIA0U2071HKK

App Domain: /LM/W3SVC/2/ROOT-3-130891579493027953

ProcessId: 16552

Process Name: C:\Program Files (x86)\IIS Express\iisexpress.exe

Thread Name: 

Win32 ThreadId:11328

Extended Properties: 
----------------------------------------
