----------------------------------------
Timestamp: 10/12/2015 7:36:11 PM

Message: HandlingInstanceID: 5f48d506-9475-4840-92a3-7542733bb7ba
An exception of type 'System.NullReferenceException' occurred and was caught.
-----------------------------------------------------------------------------
10/12/2015 15:36:11
Type : System.NullReferenceException, mscorlib, Version=4.0.0.0, Culture=neutral, PublicKeyToken=b77a5c561934e089
Message : Object reference not set to an instance of an object.
Source : Telerik.Sitefinity
Help link : 
Data : System.Collections.ListDictionaryInternal
TargetSite : Void VerifySectionRegistered(System.Type, System.String)
HResult : -2147467261
Stack Trace :    at Telerik.Sitefinity.Configuration.Config.VerifySectionRegistered(Type sectionType, String sectionName)
   at Telerik.Sitefinity.Configuration.Config.GetSectionInternal(Type sectionType, Boolean safeMode, String sectionName)
   at Telerik.Sitefinity.Configuration.Config.GetSectionPrivate(Type sectionType, Boolean safeMode, String sectionName)
   at Telerik.Sitefinity.Configuration.Config.GetSectionPrivate[TSection](Boolean safeMode)
   at Telerik.Sitefinity.Localization.ResourceManager.get_ProvidersSettings()
   at Telerik.Sitefinity.Data.ManagerBase`1.GetProvidersSettings()
   at Telerik.Sitefinity.Data.ManagerBase`1.Initialize()

Additional Info:

MachineName : L76MIA0U2071HKK
TimeStamp : 10/12/2015 7:36:11 PM
FullName : Telerik.Sitefinity.Utilities, Version=8.1.5820.0, Culture=neutral, PublicKeyToken=b28c218413bdf563
AppDomainName : /LM/W3SVC/2/ROOT-21-130891521631472282
ThreadIdentity : PRODCEAD\jz3350
WindowsIdentity : PRODCEAD\jz3350


Category: ErrorLog

Priority: 0

EventId: 90030

Severity: Error

Title:Enterprise Library Exception Handling

Machine: L76MIA0U2071HKK

App Domain: /LM/W3SVC/2/ROOT-21-130891521631472282

ProcessId: 9860

Process Name: C:\Program Files (x86)\Microsoft Visual Studio 12.0\Common7\IDE\Microsoft.VisualStudio.Web.Host.exe

Thread Name: 

Win32 ThreadId:13560

Extended Properties: 
----------------------------------------
----------------------------------------
Timestamp: 10/12/2015 7:45:46 PM

Message: HandlingInstanceID: ff6af4f2-11c0-485a-beaa-d6d177fa2519
An exception of type 'System.NullReferenceException' occurred and was caught.
-----------------------------------------------------------------------------
10/12/2015 15:45:46
Type : System.NullReferenceException, mscorlib, Version=4.0.0.0, Culture=neutral, PublicKeyToken=b77a5c561934e089
Message : Object reference not set to an instance of an object.
Source : Telerik.Sitefinity
Help link : 
Data : System.Collections.ListDictionaryInternal
TargetSite : Telerik.Sitefinity.Model.IDataItem GetItemFromUrl(Telerik.Sitefinity.Data.IManager, System.String, System.String ByRef)
HResult : -2147467261
Stack Trace :    at Telerik.Sitefinity.Web.UI.ContentUI.ContentView.GetItemFromUrl(IManager manager, String itemUrl, String& redirectUrl)
   at Telerik.Sitefinity.Web.UI.ContentUI.ContentView.ResolveDetailItemFromUrl()
   at Telerik.Sitefinity.Web.UI.ContentUI.ContentView.ResolveDetailItem()
   at Telerik.Sitefinity.Web.UI.ContentUI.ContentView.CreateChildControls()
   at System.Web.UI.Control.EnsureChildControls()
   at System.Web.UI.Control.PreRenderRecursiveInternal()
   at System.Web.UI.Control.PreRenderRecursiveInternal()
   at System.Web.UI.Control.AddedControl(Control control, Int32 index)
   at System.Web.UI.ControlCollection.Add(Control child)
   at Telerik.Sitefinity.Modules.Pages.DraftProxyBase.editor_ControlAdd(Object sender, ZoneEditorEventArgs e)

Additional Info:

MachineName : L76MIA0U2071HKK
TimeStamp : 10/12/2015 7:45:46 PM
FullName : Telerik.Sitefinity.Utilities, Version=8.1.5820.0, Culture=neutral, PublicKeyToken=b28c218413bdf563
AppDomainName : /LM/W3SVC/2/ROOT-2-130891525218894717
ThreadIdentity : admin
WindowsIdentity : PRODCEAD\jz3350
Requested URL : http://localhost:60876/Sitefinity/Pages/Action/Edit


Category: ErrorLog

Priority: 0

EventId: 9010

Severity: Warning

Title:Enterprise Library Exception Handling

Machine: L76MIA0U2071HKK

App Domain: /LM/W3SVC/2/ROOT-2-130891525218894717

ProcessId: 17464

Process Name: C:\Program Files (x86)\IIS Express\iisexpress.exe

Thread Name: 

Win32 ThreadId:21104

Extended Properties: 
----------------------------------------
----------------------------------------
Timestamp: 10/12/2015 7:52:32 PM

Message: HandlingInstanceID: fcf78122-a945-4903-926d-1fc8b0d16bdb
An exception of type 'System.NullReferenceException' occurred and was caught.
-----------------------------------------------------------------------------
10/12/2015 15:52:32
Type : System.NullReferenceException, mscorlib, Version=4.0.0.0, Culture=neutral, PublicKeyToken=b77a5c561934e089
Message : Object reference not set to an instance of an object.
Source : Telerik.Sitefinity
Help link : 
Data : System.Collections.ListDictionaryInternal
TargetSite : Telerik.Sitefinity.Model.IDataItem GetItemFromUrl(Telerik.Sitefinity.Data.IManager, System.String, System.String ByRef)
HResult : -2147467261
Stack Trace :    at Telerik.Sitefinity.Web.UI.ContentUI.ContentView.GetItemFromUrl(IManager manager, String itemUrl, String& redirectUrl)
   at Telerik.Sitefinity.Web.UI.ContentUI.ContentView.ResolveDetailItemFromUrl()
   at Telerik.Sitefinity.Web.UI.ContentUI.ContentView.ResolveDetailItem()
   at Telerik.Sitefinity.Web.UI.ContentUI.ContentView.CreateChildControls()
   at System.Web.UI.Control.EnsureChildControls()
   at System.Web.UI.Control.PreRenderRecursiveInternal()
   at System.Web.UI.Control.PreRenderRecursiveInternal()
   at System.Web.UI.Control.AddedControl(Control control, Int32 index)
   at System.Web.UI.ControlCollection.Add(Control child)
   at Telerik.Sitefinity.Modules.Pages.DraftProxyBase.editor_ControlAdd(Object sender, ZoneEditorEventArgs e)

Additional Info:

MachineName : L76MIA0U2071HKK
TimeStamp : 10/12/2015 7:52:32 PM
FullName : Telerik.Sitefinity.Utilities, Version=8.1.5820.0, Culture=neutral, PublicKeyToken=b28c218413bdf563
AppDomainName : /LM/W3SVC/2/ROOT-2-130891525218894717
ThreadIdentity : admin
WindowsIdentity : PRODCEAD\jz3350
Requested URL : http://localhost:60876/Sitefinity/Pages/Action/Edit


Category: ErrorLog

Priority: 0

EventId: 9010

Severity: Warning

Title:Enterprise Library Exception Handling

Machine: L76MIA0U2071HKK

App Domain: /LM/W3SVC/2/ROOT-2-130891525218894717

ProcessId: 17464

Process Name: C:\Program Files (x86)\IIS Express\iisexpress.exe

Thread Name: 

Win32 ThreadId:11824

Extended Properties: 
----------------------------------------
----------------------------------------
Timestamp: 10/12/2015 8:03:18 PM

Message: HandlingInstanceID: 7b8c82bb-bddf-4bf8-b15a-c5ccdf910826
An exception of type 'Telerik.Sitefinity.Utilities.MS.ServiceModel.Web.WebProtocolException' occurred and was caught.
---------------------------------------------------------------------------------------------------------------------
10/12/2015 16:03:18
Type : Telerik.Sitefinity.Utilities.MS.ServiceModel.Web.WebProtocolException, Telerik.Sitefinity.Utilities, Version=8.1.5820.0, Culture=neutral, PublicKeyToken=b28c218413bdf563
Message : Row not found: GenericOID@5c59f637 PageDraft id=c84795db-8708-6177-8507-ff000056674f
UPDATE [sf_draft_pages] SET [last_modified] = ?, [vrsion] = ?, [voa_version] = ?, [include_script_manger] = ?, [last_control_id2] = ? WHERE [id] = ? AND [voa_version] = ?
(set event logging to all to see parameter values)
Source : Telerik.Sitefinity
Help link : 
StatusCode : InternalServerError
StatusDescription : Row not found: GenericOID@5c59f637 PageDraft id=c84795db-8708-6177-8507-ff000056674f
UPDATE [sf_draft_pages] SET [last_modified] = ?, [vrsion] = ?, [voa_version] = ?, [include_script_manger] = ?, [last_control_id2] = ? WHERE [id] = ? AND [voa_version] = ?
(set event logging to all to see parameter values)
IsDetailXhtml : True
Data : System.Collections.ListDictionaryInternal
TargetSite : Boolean DiscardPageDraft(System.String)
HResult : -2146233087
detailWriterInstance : Telerik.Sitefinity.Utilities.MS.ServiceModel.Web.WebProtocolException+StringDetailWriter
Stack Trace :    at Telerik.Sitefinity.Modules.Pages.Web.Services.ZoneEditorService.DiscardPageDraft(String draftId)
   at SyncInvokeDiscardPageDraft(Object , Object[] , Object[] )
   at System.ServiceModel.Dispatcher.SyncMethodInvoker.Invoke(Object instance, Object[] inputs, Object[]& outputs)
   at System.ServiceModel.Dispatcher.DispatchOperationRuntime.InvokeBegin(MessageRpc& rpc)
   at System.ServiceModel.Dispatcher.ImmutableDispatchRuntime.ProcessMessage5(MessageRpc& rpc)
   at System.ServiceModel.Dispatcher.ImmutableDispatchRuntime.ProcessMessage41(MessageRpc& rpc)
   at System.ServiceModel.Dispatcher.ImmutableDispatchRuntime.ProcessMessage4(MessageRpc& rpc)
   at System.ServiceModel.Dispatcher.ImmutableDispatchRuntime.ProcessMessage31(MessageRpc& rpc)
   at System.ServiceModel.Dispatcher.ImmutableDispatchRuntime.ProcessMessage3(MessageRpc& rpc)
   at System.ServiceModel.Dispatcher.ImmutableDispatchRuntime.ProcessMessage2(MessageRpc& rpc)
   at System.ServiceModel.Dispatcher.ImmutableDispatchRuntime.ProcessMessage11(MessageRpc& rpc)
   at System.ServiceModel.Dispatcher.ImmutableDispatchRuntime.ProcessMessage1(MessageRpc& rpc)
   at System.ServiceModel.Dispatcher.MessageRpc.Process(Boolean isOperationContextSet)

Additional Info:

MachineName : L76MIA0U2071HKK
TimeStamp : 10/12/2015 8:03:18 PM
FullName : Telerik.Sitefinity.Utilities, Version=8.1.5820.0, Culture=neutral, PublicKeyToken=b28c218413bdf563
AppDomainName : /LM/W3SVC/2/ROOT-1-130891537445743598
ThreadIdentity : 
WindowsIdentity : PRODCEAD\jz3350
Requested URL : http://localhost:60876/Sitefinity/Services/Pages/ZoneEditorService.svc/Page/c84795db-8708-6177-8507-ff000056674f/
	Inner Exception
	---------------
	Type : Telerik.OpenAccess.Exceptions.OptimisticVerificationException, Telerik.OpenAccess, Version=2015.2.624.1, Culture=neutral, PublicKeyToken=7ce17eeaf1d59342
	Message : Row not found: GenericOID@5c59f637 PageDraft id=c84795db-8708-6177-8507-ff000056674f
UPDATE [sf_draft_pages] SET [last_modified] = ?, [vrsion] = ?, [voa_version] = ?, [include_script_manger] = ?, [last_control_id2] = ? WHERE [id] = ? AND [voa_version] = ?
(set event logging to all to see parameter values)
	Source : Unity_ILEmit_DynamicClasses
	Help link : 
	NumberOfConflicts : 1
	InnerExceptions : System.Exception[]
	FailedObject : 
	BackendError : 
	Reason : OptimisticVerification
	CanRetry : True
	Data : System.Collections.ListDictionaryInternal
	TargetSite : Void CommitTransaction()
	HResult : -2146233088
	Stack Trace :    at DynamicModule.ns.Wrapped_OpenAccessPageProvider_81e88eb41a1643e08c6827197159bc23.CommitTransaction()
	   at Telerik.Sitefinity.Data.ManagerBase`1.SaveChanges(String eventOrigin)
	   at Telerik.Sitefinity.Data.ManagerBase`1.SaveChanges()
	   at Telerik.Sitefinity.Modules.Pages.Web.Services.ZoneEditorService.DiscardPageDraft(String draftId)



Category: ErrorLog

Priority: 0

EventId: 90000

Severity: Error

Title:Enterprise Library Exception Handling

Machine: L76MIA0U2071HKK

App Domain: /LM/W3SVC/2/ROOT-1-130891537445743598

ProcessId: 20788

Process Name: C:\Program Files (x86)\IIS Express\iisexpress.exe

Thread Name: 

Win32 ThreadId:9424

Extended Properties: 
----------------------------------------
----------------------------------------
Timestamp: 10/12/2015 8:19:19 PM

Message: HandlingInstanceID: d27ad929-aec7-40c0-b25c-6deb998ed255
An exception of type 'System.Security.Cryptography.CryptographicException' occurred and was caught.
---------------------------------------------------------------------------------------------------
10/12/2015 16:19:19
Type : System.Security.Cryptography.CryptographicException, mscorlib, Version=4.0.0.0, Culture=neutral, PublicKeyToken=b77a5c561934e089
Message : Bad Data.

Source : mscorlib
Help link : 
Data : System.Collections.ListDictionaryInternal
TargetSite : Void ThrowCryptographicException(Int32)
HResult : -2146893819
Stack Trace :    at System.Security.Cryptography.CryptographicException.ThrowCryptographicException(Int32 hr)
   at System.Security.Cryptography.Utils._DecryptData(SafeKeyHandle hKey, Byte[] data, Int32 ib, Int32 cb, Byte[]& outputBuffer, Int32 outputOffset, PaddingMode PaddingMode, Boolean fDone)
   at System.Security.Cryptography.CryptoAPITransform.TransformFinalBlock(Byte[] inputBuffer, Int32 inputOffset, Int32 inputCount)
   at System.Security.Cryptography.CryptoStream.FlushFinalBlock()
   at System.Security.Cryptography.CryptoStream.Dispose(Boolean disposing)
   at System.IO.Stream.Close()
   at System.IO.Stream.Dispose()
   at Telerik.Sitefinity.Security.SecurityManager.DecryptData(Byte[] data)
   at Telerik.Sitefinity.Security.Claims.SitefinityCookieTransform.Decode(Byte[] encoded)
   at Microsoft.IdentityModel.Tokens.SessionSecurityTokenHandler.ApplyTransforms(Byte[] cookie, Boolean outbound)
   at Microsoft.IdentityModel.Tokens.SessionSecurityTokenHandler.ReadToken(XmlReader reader, SecurityTokenResolver tokenResolver)
   at Telerik.Sitefinity.Security.Claims.SitefinitySessionTokenHandler.ReadToken(XmlReader reader, SecurityTokenResolver tokenResolver)
   at Microsoft.IdentityModel.Tokens.SessionSecurityTokenHandler.ReadToken(Byte[] token, SecurityTokenResolver tokenResolver)
   at Telerik.Sitefinity.Security.Claims.SitefinitySessionAuthenticationModule.ReadToken(Byte[] sessionCookie)

Additional Info:

MachineName : L76MIA0U2071HKK
TimeStamp : 10/12/2015 8:19:19 PM
FullName : Telerik.Sitefinity.Utilities, Version=8.1.5820.0, Culture=neutral, PublicKeyToken=b28c218413bdf563
AppDomainName : /LM/W3SVC/2/ROOT-1-130891547093758303
ThreadIdentity : 
WindowsIdentity : PRODCEAD\jz3350
Requested URL : http://localhost:60876/


Category: ErrorLog

Priority: 0

EventId: 9010

Severity: Warning

Title:Enterprise Library Exception Handling

Machine: L76MIA0U2071HKK

App Domain: /LM/W3SVC/2/ROOT-1-130891547093758303

ProcessId: 18536

Process Name: C:\Program Files (x86)\IIS Express\iisexpress.exe

Thread Name: 

Win32 ThreadId:6440

Extended Properties: 
----------------------------------------
----------------------------------------
Timestamp: 10/12/2015 8:30:25 PM

Message: HandlingInstanceID: d98498b6-1bb1-4c88-8944-1d2a048a90ae
An exception of type 'System.NullReferenceException' occurred and was caught.
-----------------------------------------------------------------------------
10/12/2015 16:30:25
Type : System.NullReferenceException, mscorlib, Version=4.0.0.0, Culture=neutral, PublicKeyToken=b77a5c561934e089
Message : Object reference not set to an instance of an object.
Source : Telerik.Sitefinity
Help link : 
Data : System.Collections.ListDictionaryInternal
TargetSite : Void VerifySectionRegistered(System.Type, System.String)
HResult : -2147467261
Stack Trace :    at Telerik.Sitefinity.Configuration.Config.VerifySectionRegistered(Type sectionType, String sectionName)
   at Telerik.Sitefinity.Configuration.Config.GetSectionInternal(Type sectionType, Boolean safeMode, String sectionName)
   at Telerik.Sitefinity.Configuration.Config.GetSectionPrivate(Type sectionType, Boolean safeMode, String sectionName)
   at Telerik.Sitefinity.Configuration.Config.GetSectionPrivate[TSection](Boolean safeMode)
   at Telerik.Sitefinity.Localization.ResourceManager.get_ProvidersSettings()
   at Telerik.Sitefinity.Data.ManagerBase`1.GetProvidersSettings()
   at Telerik.Sitefinity.Data.ManagerBase`1.Initialize()

Additional Info:

MachineName : L76MIA0U2071HKK
TimeStamp : 10/12/2015 8:30:25 PM
FullName : Telerik.Sitefinity.Utilities, Version=8.1.5820.0, Culture=neutral, PublicKeyToken=b28c218413bdf563
AppDomainName : /LM/W3SVC/2/ROOT-28-130891554139162773
ThreadIdentity : PRODCEAD\jz3350
WindowsIdentity : PRODCEAD\jz3350


Category: ErrorLog

Priority: 0

EventId: 90030

Severity: Error

Title:Enterprise Library Exception Handling

Machine: L76MIA0U2071HKK

App Domain: /LM/W3SVC/2/ROOT-28-130891554139162773

ProcessId: 9860

Process Name: C:\Program Files (x86)\Microsoft Visual Studio 12.0\Common7\IDE\Microsoft.VisualStudio.Web.Host.exe

Thread Name: 

Win32 ThreadId:16224

Extended Properties: 
----------------------------------------
----------------------------------------
Timestamp: 10/12/2015 8:39:31 PM

Message: HandlingInstanceID: 1a1eb54d-9d6c-4e53-a8ba-8883c182ec0f
An exception of type 'System.Security.Cryptography.CryptographicException' occurred and was caught.
---------------------------------------------------------------------------------------------------
10/12/2015 16:39:31
Type : System.Security.Cryptography.CryptographicException, mscorlib, Version=4.0.0.0, Culture=neutral, PublicKeyToken=b77a5c561934e089
Message : Bad Data.

Source : mscorlib
Help link : 
Data : System.Collections.ListDictionaryInternal
TargetSite : Void ThrowCryptographicException(Int32)
HResult : -2146893819
Stack Trace :    at System.Security.Cryptography.CryptographicException.ThrowCryptographicException(Int32 hr)
   at System.Security.Cryptography.Utils._DecryptData(SafeKeyHandle hKey, Byte[] data, Int32 ib, Int32 cb, Byte[]& outputBuffer, Int32 outputOffset, PaddingMode PaddingMode, Boolean fDone)
   at System.Security.Cryptography.CryptoAPITransform.TransformFinalBlock(Byte[] inputBuffer, Int32 inputOffset, Int32 inputCount)
   at System.Security.Cryptography.CryptoStream.FlushFinalBlock()
   at System.Security.Cryptography.CryptoStream.Dispose(Boolean disposing)
   at System.IO.Stream.Close()
   at System.IO.Stream.Dispose()
   at Telerik.Sitefinity.Security.SecurityManager.DecryptData(Byte[] data)
   at Telerik.Sitefinity.Security.Claims.SitefinityCookieTransform.Decode(Byte[] encoded)
   at Microsoft.IdentityModel.Tokens.SessionSecurityTokenHandler.ApplyTransforms(Byte[] cookie, Boolean outbound)
   at Microsoft.IdentityModel.Tokens.SessionSecurityTokenHandler.ReadToken(XmlReader reader, SecurityTokenResolver tokenResolver)
   at Telerik.Sitefinity.Security.Claims.SitefinitySessionTokenHandler.ReadToken(XmlReader reader, SecurityTokenResolver tokenResolver)
   at Microsoft.IdentityModel.Tokens.SessionSecurityTokenHandler.ReadToken(Byte[] token, SecurityTokenResolver tokenResolver)
   at Telerik.Sitefinity.Security.Claims.SitefinitySessionAuthenticationModule.ReadToken(Byte[] sessionCookie)

Additional Info:

MachineName : L76MIA0U2071HKK
TimeStamp : 10/12/2015 8:39:31 PM
FullName : Telerik.Sitefinity.Utilities, Version=8.1.5820.0, Culture=neutral, PublicKeyToken=b28c218413bdf563
AppDomainName : /LM/W3SVC/2/ROOT-1-130891559054904298
ThreadIdentity : 
WindowsIdentity : PRODCEAD\jz3350
Requested URL : http://localhost:60876/Sitefinity


Category: ErrorLog

Priority: 0

EventId: 9010

Severity: Warning

Title:Enterprise Library Exception Handling

Machine: L76MIA0U2071HKK

App Domain: /LM/W3SVC/2/ROOT-1-130891559054904298

ProcessId: 21072

Process Name: C:\Program Files (x86)\IIS Express\iisexpress.exe

Thread Name: 

Win32 ThreadId:10488

Extended Properties: 
----------------------------------------
----------------------------------------
Timestamp: 10/12/2015 8:39:31 PM

Message: HandlingInstanceID: 89ec5a53-9edf-451d-9bdb-ce93490c6e71
An exception of type 'System.Security.Cryptography.CryptographicException' occurred and was caught.
---------------------------------------------------------------------------------------------------
10/12/2015 16:39:31
Type : System.Security.Cryptography.CryptographicException, mscorlib, Version=4.0.0.0, Culture=neutral, PublicKeyToken=b77a5c561934e089
Message : Bad Data.

Source : mscorlib
Help link : 
Data : System.Collections.ListDictionaryInternal
TargetSite : Void ThrowCryptographicException(Int32)
HResult : -2146893819
Stack Trace :    at System.Security.Cryptography.CryptographicException.ThrowCryptographicException(Int32 hr)
   at System.Security.Cryptography.Utils._DecryptData(SafeKeyHandle hKey, Byte[] data, Int32 ib, Int32 cb, Byte[]& outputBuffer, Int32 outputOffset, PaddingMode PaddingMode, Boolean fDone)
   at System.Security.Cryptography.CryptoAPITransform.TransformFinalBlock(Byte[] inputBuffer, Int32 inputOffset, Int32 inputCount)
   at System.Security.Cryptography.CryptoStream.FlushFinalBlock()
   at System.Security.Cryptography.CryptoStream.Dispose(Boolean disposing)
   at System.IO.Stream.Close()
   at System.IO.Stream.Dispose()
   at Telerik.Sitefinity.Security.SecurityManager.DecryptData(Byte[] data)
   at Telerik.Sitefinity.Security.Claims.SitefinityCookieTransform.Decode(Byte[] encoded)
   at Microsoft.IdentityModel.Tokens.SessionSecurityTokenHandler.ApplyTransforms(Byte[] cookie, Boolean outbound)
   at Microsoft.IdentityModel.Tokens.SessionSecurityTokenHandler.ReadToken(XmlReader reader, SecurityTokenResolver tokenResolver)
   at Telerik.Sitefinity.Security.Claims.SitefinitySessionTokenHandler.ReadToken(XmlReader reader, SecurityTokenResolver tokenResolver)
   at Microsoft.IdentityModel.Tokens.SessionSecurityTokenHandler.ReadToken(Byte[] token, SecurityTokenResolver tokenResolver)
   at Telerik.Sitefinity.Security.Claims.SitefinitySessionAuthenticationModule.ReadToken(Byte[] sessionCookie)

Additional Info:

MachineName : L76MIA0U2071HKK
TimeStamp : 10/12/2015 8:39:31 PM
FullName : Telerik.Sitefinity.Utilities, Version=8.1.5820.0, Culture=neutral, PublicKeyToken=b28c218413bdf563
AppDomainName : /LM/W3SVC/2/ROOT-1-130891559054904298
ThreadIdentity : 
WindowsIdentity : PRODCEAD\jz3350
Requested URL : http://localhost:60876/


Category: ErrorLog

Priority: 0

EventId: 9010

Severity: Warning

Title:Enterprise Library Exception Handling

Machine: L76MIA0U2071HKK

App Domain: /LM/W3SVC/2/ROOT-1-130891559054904298

ProcessId: 21072

Process Name: C:\Program Files (x86)\IIS Express\iisexpress.exe

Thread Name: 

Win32 ThreadId:9460

Extended Properties: 
----------------------------------------
----------------------------------------
Timestamp: 10/12/2015 8:51:11 PM

Message: HandlingInstanceID: fe528184-8bf9-4c60-aee1-819fba0fbaa0
An exception of type 'System.ArgumentException' occurred and was caught.
------------------------------------------------------------------------
10/12/2015 16:51:11
Type : System.ArgumentException, mscorlib, Version=4.0.0.0, Culture=neutral, PublicKeyToken=b77a5c561934e089
Message : Expression of type 'System.Object' cannot be used for parameter of type 'System.String' of method 'System.String FieldValue[String](System.Object, System.String)'
Source : System.Core
Help link : 
ParamName : 
Data : System.Collections.ListDictionaryInternal
TargetSite : System.Linq.Expressions.Expression ValidateOneArgument(System.Reflection.MethodBase, System.Linq.Expressions.ExpressionType, System.Linq.Expressions.Expression, System.Reflection.ParameterInfo)
HResult : -2147024809
Stack Trace :    at System.Linq.Expressions.Expression.ValidateOneArgument(MethodBase method, ExpressionType nodeKind, Expression arg, ParameterInfo pi)
   at System.Linq.Expressions.Expression.Call(MethodInfo method, Expression arg0, Expression arg1)
   at Telerik.Sitefinity.Data.Linq.OpenAccess.OpenAccessExpressionVisitor`2.GetLstringMethodCall(MemberExpression m, CultureInfo culture)
   at Telerik.Sitefinity.Data.Linq.OpenAccess.OpenAccessExpressionVisitor`2.VisitMemberAccess(MemberExpression m)
   at Telerik.Sitefinity.Data.Linq.ExpressionVisitor.Visit(Expression exp)
   at Telerik.Sitefinity.Data.Linq.OpenAccess.OpenAccessExpressionVisitor`2.VisitBinary(BinaryExpression b)
   at Telerik.Sitefinity.Data.Linq.ExpressionVisitor.Visit(Expression exp)
   at Telerik.Sitefinity.Data.Linq.OpenAccess.OpenAccessExpressionVisitor`2.VisitLambda(LambdaExpression lambda)
   at Telerik.Sitefinity.Data.Linq.ExpressionVisitor.Visit(Expression exp)
   at Telerik.Sitefinity.Data.Linq.ExpressionVisitor.VisitUnary(UnaryExpression u)
   at Telerik.Sitefinity.Data.Linq.OpenAccess.OpenAccessExpressionVisitor`2.VisitUnary(UnaryExpression u)
   at Telerik.Sitefinity.Data.Linq.ExpressionVisitor.Visit(Expression exp)
   at Telerik.Sitefinity.Data.Linq.ExpressionVisitor.VisitExpressionList(ReadOnlyCollection`1 original)
   at Telerik.Sitefinity.Data.Linq.OpenAccess.OpenAccessExpressionVisitor`2.VisitMethodCall(MethodCallExpression m)
   at Telerik.Sitefinity.Data.Linq.ExpressionVisitor.Visit(Expression exp)
   at Telerik.Sitefinity.Data.Linq.OpenAccess.OpenAccessQueryProvider`2.EnhanceExpression(Expression expression)
   at Telerik.Sitefinity.Data.Linq.OpenAccess.OpenAccessQueryProvider`2.CreateQuery[TElement](Expression expression)
   at System.Linq.Queryable.Where[TSource](IQueryable`1 source, Expression`1 predicate)
   at SitefinityWebApp.Custom.Designer.TestDesigner.InitializeControls(GenericContainer container) in c:\Development\TestFinity\Custom\Designer\TestDesigner.cs:line 74
   at Telerik.Sitefinity.Web.UI.SimpleView.CreateChildControls()
   at System.Web.UI.Control.EnsureChildControls()
   at System.Web.UI.Control.PreRenderRecursiveInternal()
   at System.Web.UI.Control.PreRenderRecursiveInternal()
   at System.Web.UI.Control.PreRenderRecursiveInternal()
   at System.Web.UI.Control.PreRenderRecursiveInternal()
   at System.Web.UI.Control.PreRenderRecursiveInternal()
   at System.Web.UI.Control.PreRenderRecursiveInternal()
   at System.Web.UI.Control.PreRenderRecursiveInternal()
   at System.Web.UI.Control.PreRenderRecursiveInternal()
   at System.Web.UI.Control.PreRenderRecursiveInternal()
   at System.Web.UI.Page.ProcessRequestMain(Boolean includeStagesBeforeAsyncPoint, Boolean includeStagesAfterAsyncPoint)

Additional Info:

MachineName : L76MIA0U2071HKK
TimeStamp : 10/12/2015 8:51:11 PM
FullName : Telerik.Sitefinity.Utilities, Version=8.1.5820.0, Culture=neutral, PublicKeyToken=b28c218413bdf563
AppDomainName : /LM/W3SVC/2/ROOT-4-130891566294290511
ThreadIdentity : admin
WindowsIdentity : PRODCEAD\jz3350
Requested URL : http://localhost:60876/Sitefinity/Dialog/PropertyEditor?Id=674b95db-8708-6177-8507-ff000056674f&MediaType=0&PageId=c84795db-8708-6177-8507-ff000056674f&propertyValueCulture=&hideSaveAllTranslations=true&rwndrnd=0.8219911798369139


Category: ErrorLog

Priority: 0

EventId: 90000

Severity: Error

Title:Enterprise Library Exception Handling

Machine: L76MIA0U2071HKK

App Domain: /LM/W3SVC/2/ROOT-4-130891566294290511

ProcessId: 21072

Process Name: C:\Program Files (x86)\IIS Express\iisexpress.exe

Thread Name: 

Win32 ThreadId:18392

Extended Properties: 
----------------------------------------
----------------------------------------
Timestamp: 10/12/2015 8:51:19 PM

Message: HandlingInstanceID: ecd88d73-65ef-40df-aac0-cc1484dd3cf0
An exception of type 'System.ArgumentException' occurred and was caught.
------------------------------------------------------------------------
10/12/2015 16:51:19
Type : System.ArgumentException, mscorlib, Version=4.0.0.0, Culture=neutral, PublicKeyToken=b77a5c561934e089
Message : Expression of type 'System.Object' cannot be used for parameter of type 'System.String' of method 'System.String FieldValue[String](System.Object, System.String)'
Source : System.Core
Help link : 
ParamName : 
Data : System.Collections.ListDictionaryInternal
TargetSite : System.Linq.Expressions.Expression ValidateOneArgument(System.Reflection.MethodBase, System.Linq.Expressions.ExpressionType, System.Linq.Expressions.Expression, System.Reflection.ParameterInfo)
HResult : -2147024809
Stack Trace :    at System.Linq.Expressions.Expression.ValidateOneArgument(MethodBase method, ExpressionType nodeKind, Expression arg, ParameterInfo pi)
   at System.Linq.Expressions.Expression.Call(MethodInfo method, Expression arg0, Expression arg1)
   at Telerik.Sitefinity.Data.Linq.OpenAccess.OpenAccessExpressionVisitor`2.GetLstringMethodCall(MemberExpression m, CultureInfo culture)
   at Telerik.Sitefinity.Data.Linq.OpenAccess.OpenAccessExpressionVisitor`2.VisitMemberAccess(MemberExpression m)
   at Telerik.Sitefinity.Data.Linq.ExpressionVisitor.Visit(Expression exp)
   at Telerik.Sitefinity.Data.Linq.OpenAccess.OpenAccessExpressionVisitor`2.VisitBinary(BinaryExpression b)
   at Telerik.Sitefinity.Data.Linq.ExpressionVisitor.Visit(Expression exp)
   at Telerik.Sitefinity.Data.Linq.OpenAccess.OpenAccessExpressionVisitor`2.VisitLambda(LambdaExpression lambda)
   at Telerik.Sitefinity.Data.Linq.ExpressionVisitor.Visit(Expression exp)
   at Telerik.Sitefinity.Data.Linq.ExpressionVisitor.VisitUnary(UnaryExpression u)
   at Telerik.Sitefinity.Data.Linq.OpenAccess.OpenAccessExpressionVisitor`2.VisitUnary(UnaryExpression u)
   at Telerik.Sitefinity.Data.Linq.ExpressionVisitor.Visit(Expression exp)
   at Telerik.Sitefinity.Data.Linq.ExpressionVisitor.VisitExpressionList(ReadOnlyCollection`1 original)
   at Telerik.Sitefinity.Data.Linq.OpenAccess.OpenAccessExpressionVisitor`2.VisitMethodCall(MethodCallExpression m)
   at Telerik.Sitefinity.Data.Linq.ExpressionVisitor.Visit(Expression exp)
   at Telerik.Sitefinity.Data.Linq.OpenAccess.OpenAccessQueryProvider`2.EnhanceExpression(Expression expression)
   at Telerik.Sitefinity.Data.Linq.OpenAccess.OpenAccessQueryProvider`2.CreateQuery[TElement](Expression expression)
   at System.Linq.Queryable.Where[TSource](IQueryable`1 source, Expression`1 predicate)
   at SitefinityWebApp.Custom.Designer.TestDesigner.InitializeControls(GenericContainer container) in c:\Development\TestFinity\Custom\Designer\TestDesigner.cs:line 74
   at Telerik.Sitefinity.Web.UI.SimpleView.CreateChildControls()
   at System.Web.UI.Control.EnsureChildControls()
   at System.Web.UI.Control.PreRenderRecursiveInternal()
   at System.Web.UI.Control.PreRenderRecursiveInternal()
   at System.Web.UI.Control.PreRenderRecursiveInternal()
   at System.Web.UI.Control.PreRenderRecursiveInternal()
   at System.Web.UI.Control.PreRenderRecursiveInternal()
   at System.Web.UI.Control.PreRenderRecursiveInternal()
   at System.Web.UI.Control.PreRenderRecursiveInternal()
   at System.Web.UI.Control.PreRenderRecursiveInternal()
   at System.Web.UI.Control.PreRenderRecursiveInternal()
   at System.Web.UI.Page.ProcessRequestMain(Boolean includeStagesBeforeAsyncPoint, Boolean includeStagesAfterAsyncPoint)

Additional Info:

MachineName : L76MIA0U2071HKK
TimeStamp : 10/12/2015 8:51:19 PM
FullName : Telerik.Sitefinity.Utilities, Version=8.1.5820.0, Culture=neutral, PublicKeyToken=b28c218413bdf563
AppDomainName : /LM/W3SVC/2/ROOT-4-130891566294290511
ThreadIdentity : admin
WindowsIdentity : PRODCEAD\jz3350
Requested URL : http://localhost:60876/Sitefinity/Dialog/PropertyEditor?Id=674b95db-8708-6177-8507-ff000056674f&MediaType=0&PageId=c84795db-8708-6177-8507-ff000056674f&propertyValueCulture=&hideSaveAllTranslations=true&rwndrnd=0.6554908631369472


Category: ErrorLog

Priority: 0

EventId: 90000

Severity: Error

Title:Enterprise Library Exception Handling

Machine: L76MIA0U2071HKK

App Domain: /LM/W3SVC/2/ROOT-4-130891566294290511

ProcessId: 21072

Process Name: C:\Program Files (x86)\IIS Express\iisexpress.exe

Thread Name: 

Win32 ThreadId:9388

Extended Properties: 
----------------------------------------
----------------------------------------
Timestamp: 10/12/2015 8:58:47 PM

Message: HandlingInstanceID: 819078b8-8780-4c38-a87c-f07071b34426
An exception of type 'System.ArgumentException' occurred and was caught.
------------------------------------------------------------------------
10/12/2015 16:58:47
Type : System.ArgumentException, mscorlib, Version=4.0.0.0, Culture=neutral, PublicKeyToken=b77a5c561934e089
Message : Expression of type 'System.Object' cannot be used for parameter of type 'System.String' of method 'System.String FieldValue[String](System.Object, System.String)'
Source : System.Core
Help link : 
ParamName : 
Data : System.Collections.ListDictionaryInternal
TargetSite : System.Linq.Expressions.Expression ValidateOneArgument(System.Reflection.MethodBase, System.Linq.Expressions.ExpressionType, System.Linq.Expressions.Expression, System.Reflection.ParameterInfo)
HResult : -2147024809
Stack Trace :    at System.Linq.Expressions.Expression.ValidateOneArgument(MethodBase method, ExpressionType nodeKind, Expression arg, ParameterInfo pi)
   at System.Linq.Expressions.Expression.Call(MethodInfo method, Expression arg0, Expression arg1)
   at Telerik.Sitefinity.Data.Linq.OpenAccess.OpenAccessExpressionVisitor`2.GetLstringMethodCall(MemberExpression m, CultureInfo culture)
   at Telerik.Sitefinity.Data.Linq.OpenAccess.OpenAccessExpressionVisitor`2.VisitMemberAccess(MemberExpression m)
   at Telerik.Sitefinity.Data.Linq.ExpressionVisitor.Visit(Expression exp)
   at Telerik.Sitefinity.Data.Linq.OpenAccess.OpenAccessExpressionVisitor`2.VisitBinary(BinaryExpression b)
   at Telerik.Sitefinity.Data.Linq.ExpressionVisitor.Visit(Expression exp)
   at Telerik.Sitefinity.Data.Linq.OpenAccess.OpenAccessExpressionVisitor`2.VisitLambda(LambdaExpression lambda)
   at Telerik.Sitefinity.Data.Linq.ExpressionVisitor.Visit(Expression exp)
   at Telerik.Sitefinity.Data.Linq.ExpressionVisitor.VisitUnary(UnaryExpression u)
   at Telerik.Sitefinity.Data.Linq.OpenAccess.OpenAccessExpressionVisitor`2.VisitUnary(UnaryExpression u)
   at Telerik.Sitefinity.Data.Linq.ExpressionVisitor.Visit(Expression exp)
   at Telerik.Sitefinity.Data.Linq.ExpressionVisitor.VisitExpressionList(ReadOnlyCollection`1 original)
   at Telerik.Sitefinity.Data.Linq.OpenAccess.OpenAccessExpressionVisitor`2.VisitMethodCall(MethodCallExpression m)
   at Telerik.Sitefinity.Data.Linq.ExpressionVisitor.Visit(Expression exp)
   at Telerik.Sitefinity.Data.Linq.OpenAccess.OpenAccessExpressionVisitor`2.Enhance(Expression expression)
   at Telerik.Sitefinity.Data.Linq.OpenAccess.OpenAccessQueryProvider`2.EnhanceExpression(Expression expression)
   at Telerik.Sitefinity.Data.Linq.OpenAccess.OpenAccessQueryProvider`2.CreateQuery[TElement](Expression expression)
   at System.Linq.Queryable.Where[TSource](IQueryable`1 source, Expression`1 predicate)
   at SitefinityWebApp.Custom.Designer.TestDesigner.InitializeControls(GenericContainer container) in c:\Development\TestFinity\Custom\Designer\TestDesigner.cs:line 74
   at Telerik.Sitefinity.Web.UI.SimpleView.CreateChildControls()
   at System.Web.UI.Control.EnsureChildControls()
   at System.Web.UI.Control.PreRenderRecursiveInternal()
   at System.Web.UI.Control.PreRenderRecursiveInternal()
   at System.Web.UI.Control.PreRenderRecursiveInternal()
   at System.Web.UI.Control.PreRenderRecursiveInternal()
   at System.Web.UI.Control.PreRenderRecursiveInternal()
   at System.Web.UI.Control.PreRenderRecursiveInternal()
   at System.Web.UI.Control.PreRenderRecursiveInternal()
   at System.Web.UI.Control.PreRenderRecursiveInternal()
   at System.Web.UI.Control.PreRenderRecursiveInternal()
   at System.Web.UI.Page.ProcessRequestMain(Boolean includeStagesBeforeAsyncPoint, Boolean includeStagesAfterAsyncPoint)

Additional Info:

MachineName : L76MIA0U2071HKK
TimeStamp : 10/12/2015 8:58:47 PM
FullName : Telerik.Sitefinity.Utilities, Version=8.1.5820.0, Culture=neutral, PublicKeyToken=b28c218413bdf563
AppDomainName : /LM/W3SVC/2/ROOT-1-130891570099058650
ThreadIdentity : admin
WindowsIdentity : PRODCEAD\jz3350
Requested URL : http://localhost:60876/Sitefinity/Dialog/PropertyEditor?Id=674b95db-8708-6177-8507-ff000056674f&MediaType=0&PageId=c84795db-8708-6177-8507-ff000056674f&propertyValueCulture=&hideSaveAllTranslations=true&rwndrnd=0.8024666840210557


Category: ErrorLog

Priority: 0

EventId: 90000

Severity: Error

Title:Enterprise Library Exception Handling

Machine: L76MIA0U2071HKK

App Domain: /LM/W3SVC/2/ROOT-1-130891570099058650

ProcessId: 5520

Process Name: C:\Program Files (x86)\IIS Express\iisexpress.exe

Thread Name: 

Win32 ThreadId:20740

Extended Properties: 
----------------------------------------
----------------------------------------
Timestamp: 10/12/2015 9:01:46 PM

Message: HandlingInstanceID: 121a69d5-5e3f-4a90-a6ef-7fd3ffec8629
An exception of type 'System.ArgumentException' occurred and was caught.
------------------------------------------------------------------------
10/12/2015 17:01:46
Type : System.ArgumentException, mscorlib, Version=4.0.0.0, Culture=neutral, PublicKeyToken=b77a5c561934e089
Message : Expression of type 'System.Object' cannot be used for parameter of type 'System.String' of method 'System.String FieldValue[String](System.Object, System.String)'
Source : System.Core
Help link : 
ParamName : 
Data : System.Collections.ListDictionaryInternal
TargetSite : System.Linq.Expressions.Expression ValidateOneArgument(System.Reflection.MethodBase, System.Linq.Expressions.ExpressionType, System.Linq.Expressions.Expression, System.Reflection.ParameterInfo)
HResult : -2147024809
Stack Trace :    at System.Linq.Expressions.Expression.ValidateOneArgument(MethodBase method, ExpressionType nodeKind, Expression arg, ParameterInfo pi)
   at System.Linq.Expressions.Expression.Call(MethodInfo method, Expression arg0, Expression arg1)
   at Telerik.Sitefinity.Data.Linq.OpenAccess.OpenAccessExpressionVisitor`2.GetLstringMethodCall(MemberExpression m, CultureInfo culture)
   at Telerik.Sitefinity.Data.Linq.OpenAccess.OpenAccessExpressionVisitor`2.VisitMemberAccess(MemberExpression m)
   at Telerik.Sitefinity.Data.Linq.ExpressionVisitor.Visit(Expression exp)
   at Telerik.Sitefinity.Data.Linq.OpenAccess.OpenAccessExpressionVisitor`2.VisitBinary(BinaryExpression b)
   at Telerik.Sitefinity.Data.Linq.ExpressionVisitor.Visit(Expression exp)
   at Telerik.Sitefinity.Data.Linq.OpenAccess.OpenAccessExpressionVisitor`2.VisitLambda(LambdaExpression lambda)
   at Telerik.Sitefinity.Data.Linq.ExpressionVisitor.Visit(Expression exp)
   at Telerik.Sitefinity.Data.Linq.ExpressionVisitor.VisitUnary(UnaryExpression u)
   at Telerik.Sitefinity.Data.Linq.OpenAccess.OpenAccessExpressionVisitor`2.VisitUnary(UnaryExpression u)
   at Telerik.Sitefinity.Data.Linq.ExpressionVisitor.Visit(Expression exp)
   at Telerik.Sitefinity.Data.Linq.ExpressionVisitor.VisitExpressionList(ReadOnlyCollection`1 original)
   at Telerik.Sitefinity.Data.Linq.OpenAccess.OpenAccessExpressionVisitor`2.VisitMethodCall(MethodCallExpression m)
   at Telerik.Sitefinity.Data.Linq.ExpressionVisitor.Visit(Expression exp)
   at Telerik.Sitefinity.Data.Linq.OpenAccess.OpenAccessExpressionVisitor`2.Enhance(Expression expression)
   at Telerik.Sitefinity.Data.Linq.OpenAccess.OpenAccessQueryProvider`2.EnhanceExpression(Expression expression)
   at Telerik.Sitefinity.Data.Linq.OpenAccess.OpenAccessQueryProvider`2.CreateQuery[TElement](Expression expression)
   at System.Linq.Queryable.Where[TSource](IQueryable`1 source, Expression`1 predicate)
   at SitefinityWebApp.Custom.Designer.TestDesigner.InitializeControls(GenericContainer container) in c:\Development\TestFinity\Custom\Designer\TestDesigner.cs:line 74
   at Telerik.Sitefinity.Web.UI.SimpleView.CreateChildControls()
   at System.Web.UI.Control.EnsureChildControls()
   at System.Web.UI.Control.PreRenderRecursiveInternal()
   at System.Web.UI.Control.PreRenderRecursiveInternal()
   at System.Web.UI.Control.PreRenderRecursiveInternal()
   at System.Web.UI.Control.PreRenderRecursiveInternal()
   at System.Web.UI.Control.PreRenderRecursiveInternal()
   at System.Web.UI.Control.PreRenderRecursiveInternal()
   at System.Web.UI.Control.PreRenderRecursiveInternal()
   at System.Web.UI.Control.PreRenderRecursiveInternal()
   at System.Web.UI.Control.PreRenderRecursiveInternal()
   at System.Web.UI.Page.ProcessRequestMain(Boolean includeStagesBeforeAsyncPoint, Boolean includeStagesAfterAsyncPoint)

Additional Info:

MachineName : L76MIA0U2071HKK
TimeStamp : 10/12/2015 9:01:46 PM
FullName : Telerik.Sitefinity.Utilities, Version=8.1.5820.0, Culture=neutral, PublicKeyToken=b28c218413bdf563
AppDomainName : /LM/W3SVC/2/ROOT-1-130891570099058650
ThreadIdentity : admin
WindowsIdentity : PRODCEAD\jz3350
Requested URL : http://localhost:60876/Sitefinity/Dialog/PropertyEditor?Id=674b95db-8708-6177-8507-ff000056674f&MediaType=0&PageId=c84795db-8708-6177-8507-ff000056674f&propertyValueCulture=&hideSaveAllTranslations=true&rwndrnd=0.3952825858723372


Category: ErrorLog

Priority: 0

EventId: 90000

Severity: Error

Title:Enterprise Library Exception Handling

Machine: L76MIA0U2071HKK

App Domain: /LM/W3SVC/2/ROOT-1-130891570099058650

ProcessId: 5520

Process Name: C:\Program Files (x86)\IIS Express\iisexpress.exe

Thread Name: 

Win32 ThreadId:19464

Extended Properties: 
----------------------------------------
----------------------------------------
Timestamp: 10/12/2015 9:04:34 PM

Message: HandlingInstanceID: 97c53905-2afb-402b-9d9f-de3ab6f588c6
An exception of type 'System.Security.Cryptography.CryptographicException' occurred and was caught.
---------------------------------------------------------------------------------------------------
10/12/2015 17:04:34
Type : System.Security.Cryptography.CryptographicException, mscorlib, Version=4.0.0.0, Culture=neutral, PublicKeyToken=b77a5c561934e089
Message : Bad Data.

Source : mscorlib
Help link : 
Data : System.Collections.ListDictionaryInternal
TargetSite : Void ThrowCryptographicException(Int32)
HResult : -2146893819
Stack Trace :    at System.Security.Cryptography.CryptographicException.ThrowCryptographicException(Int32 hr)
   at System.Security.Cryptography.Utils._DecryptData(SafeKeyHandle hKey, Byte[] data, Int32 ib, Int32 cb, Byte[]& outputBuffer, Int32 outputOffset, PaddingMode PaddingMode, Boolean fDone)
   at System.Security.Cryptography.CryptoAPITransform.TransformFinalBlock(Byte[] inputBuffer, Int32 inputOffset, Int32 inputCount)
   at System.Security.Cryptography.CryptoStream.FlushFinalBlock()
   at System.Security.Cryptography.CryptoStream.Dispose(Boolean disposing)
   at System.IO.Stream.Close()
   at System.IO.Stream.Dispose()
   at Telerik.Sitefinity.Security.SecurityManager.DecryptData(Byte[] data)
   at Telerik.Sitefinity.Security.Claims.SitefinityCookieTransform.Decode(Byte[] encoded)
   at Microsoft.IdentityModel.Tokens.SessionSecurityTokenHandler.ApplyTransforms(Byte[] cookie, Boolean outbound)
   at Microsoft.IdentityModel.Tokens.SessionSecurityTokenHandler.ReadToken(XmlReader reader, SecurityTokenResolver tokenResolver)
   at Telerik.Sitefinity.Security.Claims.SitefinitySessionTokenHandler.ReadToken(XmlReader reader, SecurityTokenResolver tokenResolver)
   at Microsoft.IdentityModel.Tokens.SessionSecurityTokenHandler.ReadToken(Byte[] token, SecurityTokenResolver tokenResolver)
   at Telerik.Sitefinity.Security.Claims.SitefinitySessionAuthenticationModule.ReadToken(Byte[] sessionCookie)

Additional Info:

MachineName : L76MIA0U2071HKK
TimeStamp : 10/12/2015 9:04:34 PM
FullName : Telerik.Sitefinity.Utilities, Version=8.1.5820.0, Culture=neutral, PublicKeyToken=b28c218413bdf563
AppDomainName : /LM/W3SVC/2/ROOT-2-130891574378976599
ThreadIdentity : 
WindowsIdentity : PRODCEAD\jz3350
Requested URL : http://localhost:60876/Sitefinity


Category: ErrorLog

Priority: 0

EventId: 9010

Severity: Warning

Title:Enterprise Library Exception Handling

Machine: L76MIA0U2071HKK

App Domain: /LM/W3SVC/2/ROOT-2-130891574378976599

ProcessId: 16552

Process Name: C:\Program Files (x86)\IIS Express\iisexpress.exe

Thread Name: 

Win32 ThreadId:20628

Extended Properties: 
----------------------------------------
----------------------------------------
Timestamp: 10/13/2015 12:36:50 PM

Message: HandlingInstanceID: e5caef71-ee3f-4df6-baeb-cfb9a5d2e3d2
An exception of type 'System.Security.Cryptography.CryptographicException' occurred and was caught.
---------------------------------------------------------------------------------------------------
10/13/2015 08:36:50
Type : System.Security.Cryptography.CryptographicException, mscorlib, Version=4.0.0.0, Culture=neutral, PublicKeyToken=b77a5c561934e089
Message : Bad Data.

Source : mscorlib
Help link : 
Data : System.Collections.ListDictionaryInternal
TargetSite : Void ThrowCryptographicException(Int32)
HResult : -2146893819
Stack Trace :    at System.Security.Cryptography.CryptographicException.ThrowCryptographicException(Int32 hr)
   at System.Security.Cryptography.Utils._DecryptData(SafeKeyHandle hKey, Byte[] data, Int32 ib, Int32 cb, Byte[]& outputBuffer, Int32 outputOffset, PaddingMode PaddingMode, Boolean fDone)
   at System.Security.Cryptography.CryptoAPITransform.TransformFinalBlock(Byte[] inputBuffer, Int32 inputOffset, Int32 inputCount)
   at System.Security.Cryptography.CryptoStream.FlushFinalBlock()
   at System.Security.Cryptography.CryptoStream.Dispose(Boolean disposing)
   at System.IO.Stream.Close()
   at System.IO.Stream.Dispose()
   at Telerik.Sitefinity.Security.SecurityManager.DecryptData(Byte[] data)
   at Telerik.Sitefinity.Security.Claims.SitefinityCookieTransform.Decode(Byte[] encoded)
   at Microsoft.IdentityModel.Tokens.SessionSecurityTokenHandler.ApplyTransforms(Byte[] cookie, Boolean outbound)
   at Microsoft.IdentityModel.Tokens.SessionSecurityTokenHandler.ReadToken(XmlReader reader, SecurityTokenResolver tokenResolver)
   at Telerik.Sitefinity.Security.Claims.SitefinitySessionTokenHandler.ReadToken(XmlReader reader, SecurityTokenResolver tokenResolver)
   at Microsoft.IdentityModel.Tokens.SessionSecurityTokenHandler.ReadToken(Byte[] token, SecurityTokenResolver tokenResolver)
   at Telerik.Sitefinity.Security.Claims.SitefinitySessionAuthenticationModule.ReadToken(Byte[] sessionCookie)

Additional Info:

MachineName : L76MIA0U2071HKK
TimeStamp : 10/13/2015 12:36:50 PM
FullName : Telerik.Sitefinity.Utilities, Version=8.1.5820.0, Culture=neutral, PublicKeyToken=b28c218413bdf563
AppDomainName : /LM/W3SVC/2/ROOT-4-130892133718065013
ThreadIdentity : 
WindowsIdentity : PRODCEAD\jz3350
Requested URL : http://localhost:60876/Sitefinity


Category: ErrorLog

Priority: 0

EventId: 9010

Severity: Warning

Title:Enterprise Library Exception Handling

Machine: L76MIA0U2071HKK

App Domain: /LM/W3SVC/2/ROOT-4-130892133718065013

ProcessId: 19572

Process Name: C:\Program Files (x86)\IIS Express\iisexpress.exe

Thread Name: 

Win32 ThreadId:7360

Extended Properties: 
----------------------------------------
----------------------------------------
Timestamp: 10/13/2015 12:47:47 PM

Message: HandlingInstanceID: 61c6a99c-eac9-4ad8-98f4-2eea97bd766e
An exception of type 'System.Security.Cryptography.CryptographicException' occurred and was caught.
---------------------------------------------------------------------------------------------------
10/13/2015 08:47:47
Type : System.Security.Cryptography.CryptographicException, mscorlib, Version=4.0.0.0, Culture=neutral, PublicKeyToken=b77a5c561934e089
Message : Specified key is a known weak key for 'TripleDES' and cannot be used.
Source : mscorlib
Help link : 
Data : System.Collections.ListDictionaryInternal
TargetSite : System.Security.Cryptography.ICryptoTransform CreateDecryptor(Byte[], Byte[])
HResult : -2146233296
Stack Trace :    at System.Security.Cryptography.TripleDESCryptoServiceProvider.CreateDecryptor(Byte[] rgbKey, Byte[] rgbIV)
   at Telerik.Sitefinity.Security.SecurityManager.DecryptData(Byte[] data)
   at Telerik.Sitefinity.Security.Claims.SitefinityCookieTransform.Decode(Byte[] encoded)
   at Microsoft.IdentityModel.Tokens.SessionSecurityTokenHandler.ApplyTransforms(Byte[] cookie, Boolean outbound)
   at Microsoft.IdentityModel.Tokens.SessionSecurityTokenHandler.ReadToken(XmlReader reader, SecurityTokenResolver tokenResolver)
   at Telerik.Sitefinity.Security.Claims.SitefinitySessionTokenHandler.ReadToken(XmlReader reader, SecurityTokenResolver tokenResolver)
   at Microsoft.IdentityModel.Tokens.SessionSecurityTokenHandler.ReadToken(Byte[] token, SecurityTokenResolver tokenResolver)
   at Telerik.Sitefinity.Security.Claims.SitefinitySessionAuthenticationModule.ReadToken(Byte[] sessionCookie)

Additional Info:

MachineName : L76MIA0U2071HKK
TimeStamp : 10/13/2015 12:47:47 PM
FullName : Telerik.Sitefinity.Utilities, Version=8.1.5820.0, Culture=neutral, PublicKeyToken=b28c218413bdf563
AppDomainName : /LM/W3SVC/2/ROOT-9-130892140345699311
ThreadIdentity : 
WindowsIdentity : PRODCEAD\jz3350
Requested URL : http://localhost:60876/Sitefinity/Services/Dashboard/DashboardService.svc/GetRecentItems/


Category: ErrorLog

Priority: 0

EventId: 9010

Severity: Warning

Title:Enterprise Library Exception Handling

Machine: L76MIA0U2071HKK

App Domain: /LM/W3SVC/2/ROOT-9-130892140345699311

ProcessId: 11696

Process Name: C:\Program Files (x86)\IIS Express\iisexpress.exe

Thread Name: 

Win32 ThreadId:12864

Extended Properties: 
----------------------------------------
----------------------------------------
Timestamp: 10/13/2015 12:47:47 PM

Message: HandlingInstanceID: 8629abe9-ac44-4cb2-8516-766d39da8531
An exception of type 'System.Security.Cryptography.CryptographicException' occurred and was caught.
---------------------------------------------------------------------------------------------------
10/13/2015 08:47:47
Type : System.Security.Cryptography.CryptographicException, mscorlib, Version=4.0.0.0, Culture=neutral, PublicKeyToken=b77a5c561934e089
Message : Bad Data.

Source : mscorlib
Help link : 
Data : System.Collections.ListDictionaryInternal
TargetSite : Void ThrowCryptographicException(Int32)
HResult : -2146893819
Stack Trace :    at System.Security.Cryptography.CryptographicException.ThrowCryptographicException(Int32 hr)
   at System.Security.Cryptography.Utils._DecryptData(SafeKeyHandle hKey, Byte[] data, Int32 ib, Int32 cb, Byte[]& outputBuffer, Int32 outputOffset, PaddingMode PaddingMode, Boolean fDone)
   at System.Security.Cryptography.CryptoAPITransform.TransformFinalBlock(Byte[] inputBuffer, Int32 inputOffset, Int32 inputCount)
   at System.Security.Cryptography.CryptoStream.FlushFinalBlock()
   at System.Security.Cryptography.CryptoStream.Dispose(Boolean disposing)
   at System.IO.Stream.Close()
   at System.IO.Stream.Dispose()
   at Telerik.Sitefinity.Security.SecurityManager.DecryptData(Byte[] data)
   at Telerik.Sitefinity.Security.Claims.SitefinityCookieTransform.Decode(Byte[] encoded)
   at Microsoft.IdentityModel.Tokens.SessionSecurityTokenHandler.ApplyTransforms(Byte[] cookie, Boolean outbound)
   at Microsoft.IdentityModel.Tokens.SessionSecurityTokenHandler.ReadToken(XmlReader reader, SecurityTokenResolver tokenResolver)
   at Telerik.Sitefinity.Security.Claims.SitefinitySessionTokenHandler.ReadToken(XmlReader reader, SecurityTokenResolver tokenResolver)
   at Microsoft.IdentityModel.Tokens.SessionSecurityTokenHandler.ReadToken(Byte[] token, SecurityTokenResolver tokenResolver)
   at Telerik.Sitefinity.Security.Claims.SitefinitySessionAuthenticationModule.ReadToken(Byte[] sessionCookie)

Additional Info:

MachineName : L76MIA0U2071HKK
TimeStamp : 10/13/2015 12:47:47 PM
FullName : Telerik.Sitefinity.Utilities, Version=8.1.5820.0, Culture=neutral, PublicKeyToken=b28c218413bdf563
AppDomainName : /LM/W3SVC/2/ROOT-9-130892140345699311
ThreadIdentity : 
WindowsIdentity : PRODCEAD\jz3350
Requested URL : http://localhost:60876/Sitefinity/Services/Dashboard/DashboardService.svc/GetRecentItems/


Category: ErrorLog

Priority: 0

EventId: 9010

Severity: Warning

Title:Enterprise Library Exception Handling

Machine: L76MIA0U2071HKK

App Domain: /LM/W3SVC/2/ROOT-9-130892140345699311

ProcessId: 11696

Process Name: C:\Program Files (x86)\IIS Express\iisexpress.exe

Thread Name: 

Win32 ThreadId:12784

Extended Properties: 
----------------------------------------
----------------------------------------
Timestamp: 10/13/2015 12:53:38 PM

Message: HandlingInstanceID: 020f2230-e6d5-4488-8fc8-fee85e54490f
An exception of type 'Telerik.Sitefinity.Utilities.MS.ServiceModel.Web.WebProtocolException' occurred and was caught.
---------------------------------------------------------------------------------------------------------------------
10/13/2015 08:53:38
Type : Telerik.Sitefinity.Utilities.MS.ServiceModel.Web.WebProtocolException, Telerik.Sitefinity.Utilities, Version=8.1.5820.0, Culture=neutral, PublicKeyToken=b28c218413bdf563
Message : Row not found: GenericOID@943ad3f PageDraft id=8f4e95db-8708-6177-8507-ff000056674f
UPDATE [sf_draft_pages] SET [last_modified] = ?, [voa_version] = ?, [flags] = ? WHERE [id] = ? AND [voa_version] = ?
(set event logging to all to see parameter values)
Source : Telerik.Sitefinity
Help link : 
StatusCode : InternalServerError
StatusDescription : Row not found: GenericOID@943ad3f PageDraft id=8f4e95db-8708-6177-8507-ff000056674f
UPDATE [sf_draft_pages] SET [last_modified] = ?, [voa_version] = ?, [flags] = ? WHERE [id] = ? AND [voa_version] = ?
(set event logging to all to see parameter values)
IsDetailXhtml : True
Data : System.Collections.ListDictionaryInternal
TargetSite : Boolean DiscardPageDraft(System.String)
HResult : -2146233087
detailWriterInstance : Telerik.Sitefinity.Utilities.MS.ServiceModel.Web.WebProtocolException+StringDetailWriter
Stack Trace :    at Telerik.Sitefinity.Modules.Pages.Web.Services.ZoneEditorService.DiscardPageDraft(String draftId)
   at SyncInvokeDiscardPageDraft(Object , Object[] , Object[] )
   at System.ServiceModel.Dispatcher.SyncMethodInvoker.Invoke(Object instance, Object[] inputs, Object[]& outputs)
   at System.ServiceModel.Dispatcher.DispatchOperationRuntime.InvokeBegin(MessageRpc& rpc)
   at System.ServiceModel.Dispatcher.ImmutableDispatchRuntime.ProcessMessage5(MessageRpc& rpc)
   at System.ServiceModel.Dispatcher.ImmutableDispatchRuntime.ProcessMessage41(MessageRpc& rpc)
   at System.ServiceModel.Dispatcher.ImmutableDispatchRuntime.ProcessMessage4(MessageRpc& rpc)
   at System.ServiceModel.Dispatcher.ImmutableDispatchRuntime.ProcessMessage31(MessageRpc& rpc)
   at System.ServiceModel.Dispatcher.ImmutableDispatchRuntime.ProcessMessage3(MessageRpc& rpc)
   at System.ServiceModel.Dispatcher.ImmutableDispatchRuntime.ProcessMessage2(MessageRpc& rpc)
   at System.ServiceModel.Dispatcher.ImmutableDispatchRuntime.ProcessMessage11(MessageRpc& rpc)
   at System.ServiceModel.Dispatcher.ImmutableDispatchRuntime.ProcessMessage1(MessageRpc& rpc)
   at System.ServiceModel.Dispatcher.MessageRpc.Process(Boolean isOperationContextSet)

Additional Info:

MachineName : L76MIA0U2071HKK
TimeStamp : 10/13/2015 12:53:38 PM
FullName : Telerik.Sitefinity.Utilities, Version=8.1.5820.0, Culture=neutral, PublicKeyToken=b28c218413bdf563
AppDomainName : /LM/W3SVC/2/ROOT-16-130892143913407720
ThreadIdentity : 
WindowsIdentity : PRODCEAD\jz3350
Requested URL : http://localhost:60876/Sitefinity/Services/Pages/ZoneEditorService.svc/Page/904e95db-8708-6177-8507-ff000056674f/
	Inner Exception
	---------------
	Type : Telerik.OpenAccess.Exceptions.OptimisticVerificationException, Telerik.OpenAccess, Version=2015.2.624.1, Culture=neutral, PublicKeyToken=7ce17eeaf1d59342
	Message : Row not found: GenericOID@943ad3f PageDraft id=8f4e95db-8708-6177-8507-ff000056674f
UPDATE [sf_draft_pages] SET [last_modified] = ?, [voa_version] = ?, [flags] = ? WHERE [id] = ? AND [voa_version] = ?
(set event logging to all to see parameter values)
	Source : Unity_ILEmit_DynamicClasses
	Help link : 
	NumberOfConflicts : 1
	InnerExceptions : System.Exception[]
	FailedObject : 
	BackendError : 
	Reason : OptimisticVerification
	CanRetry : True
	Data : System.Collections.ListDictionaryInternal
	TargetSite : Void CommitTransaction()
	HResult : -2146233088
	Stack Trace :    at DynamicModule.ns.Wrapped_OpenAccessPageProvider_4cb24681e92948dcbb90f86915594581.CommitTransaction()
	   at Telerik.Sitefinity.Data.ManagerBase`1.SaveChanges(String eventOrigin)
	   at Telerik.Sitefinity.Data.ManagerBase`1.SaveChanges()
	   at Telerik.Sitefinity.Modules.Pages.Web.Services.ZoneEditorService.DiscardPageDraft(String draftId)



Category: ErrorLog

Priority: 0

EventId: 90000

Severity: Error

Title:Enterprise Library Exception Handling

Machine: L76MIA0U2071HKK

App Domain: /LM/W3SVC/2/ROOT-16-130892143913407720

ProcessId: 11696

Process Name: C:\Program Files (x86)\IIS Express\iisexpress.exe

Thread Name: 

Win32 ThreadId:14872

Extended Properties: 
----------------------------------------
----------------------------------------
Timestamp: 10/13/2015 12:53:38 PM

Message: HandlingInstanceID: ab306823-fc8a-4fbf-89d6-b8a7a4ada89d
An exception of type 'Telerik.Sitefinity.Utilities.MS.ServiceModel.Web.WebProtocolException' occurred and was caught.
---------------------------------------------------------------------------------------------------------------------
10/13/2015 08:53:38
Type : Telerik.Sitefinity.Utilities.MS.ServiceModel.Web.WebProtocolException, Telerik.Sitefinity.Utilities, Version=8.1.5820.0, Culture=neutral, PublicKeyToken=b28c218413bdf563
Message : Row not found: GenericOID@943ad3f PageDraft id=8f4e95db-8708-6177-8507-ff000056674f
UPDATE [sf_draft_pages] SET [last_modified] = ?, [voa_version] = ?, [flags] = ? WHERE [id] = ? AND [voa_version] = ?
(set event logging to all to see parameter values)
Source : Telerik.Sitefinity
Help link : 
StatusCode : InternalServerError
StatusDescription : Row not found: GenericOID@943ad3f PageDraft id=8f4e95db-8708-6177-8507-ff000056674f
UPDATE [sf_draft_pages] SET [last_modified] = ?, [voa_version] = ?, [flags] = ? WHERE [id] = ? AND [voa_version] = ?
(set event logging to all to see parameter values)
IsDetailXhtml : True
Data : System.Collections.ListDictionaryInternal
TargetSite : Boolean DiscardPageDraft(System.String)
HResult : -2146233087
detailWriterInstance : Telerik.Sitefinity.Utilities.MS.ServiceModel.Web.WebProtocolException+StringDetailWriter
Stack Trace :    at Telerik.Sitefinity.Modules.Pages.Web.Services.ZoneEditorService.DiscardPageDraft(String draftId)
   at SyncInvokeDiscardPageDraft(Object , Object[] , Object[] )
   at System.ServiceModel.Dispatcher.SyncMethodInvoker.Invoke(Object instance, Object[] inputs, Object[]& outputs)
   at System.ServiceModel.Dispatcher.DispatchOperationRuntime.InvokeBegin(MessageRpc& rpc)
   at System.ServiceModel.Dispatcher.ImmutableDispatchRuntime.ProcessMessage5(MessageRpc& rpc)
   at System.ServiceModel.Dispatcher.ImmutableDispatchRuntime.ProcessMessage41(MessageRpc& rpc)
   at System.ServiceModel.Dispatcher.ImmutableDispatchRuntime.ProcessMessage4(MessageRpc& rpc)
   at System.ServiceModel.Dispatcher.ImmutableDispatchRuntime.ProcessMessage31(MessageRpc& rpc)
   at System.ServiceModel.Dispatcher.ImmutableDispatchRuntime.ProcessMessage3(MessageRpc& rpc)
   at System.ServiceModel.Dispatcher.ImmutableDispatchRuntime.ProcessMessage2(MessageRpc& rpc)
   at System.ServiceModel.Dispatcher.ImmutableDispatchRuntime.ProcessMessage11(MessageRpc& rpc)
   at System.ServiceModel.Dispatcher.ImmutableDispatchRuntime.ProcessMessage1(MessageRpc& rpc)
   at System.ServiceModel.Dispatcher.MessageRpc.Process(Boolean isOperationContextSet)

Additional Info:

MachineName : L76MIA0U2071HKK
TimeStamp : 10/13/2015 12:53:38 PM
FullName : Telerik.Sitefinity.Utilities, Version=8.1.5820.0, Culture=neutral, PublicKeyToken=b28c218413bdf563
AppDomainName : /LM/W3SVC/2/ROOT-16-130892143913407720
ThreadIdentity : 
WindowsIdentity : PRODCEAD\jz3350
Requested URL : http://localhost:60876/Sitefinity/Services/Pages/ZoneEditorService.svc/Page/904e95db-8708-6177-8507-ff000056674f/
	Inner Exception
	---------------
	Type : Telerik.OpenAccess.Exceptions.OptimisticVerificationException, Telerik.OpenAccess, Version=2015.2.624.1, Culture=neutral, PublicKeyToken=7ce17eeaf1d59342
	Message : Row not found: GenericOID@943ad3f PageDraft id=8f4e95db-8708-6177-8507-ff000056674f
UPDATE [sf_draft_pages] SET [last_modified] = ?, [voa_version] = ?, [flags] = ? WHERE [id] = ? AND [voa_version] = ?
(set event logging to all to see parameter values)
	Source : Unity_ILEmit_DynamicClasses
	Help link : 
	NumberOfConflicts : 1
	InnerExceptions : System.Exception[]
	FailedObject : 
	BackendError : 
	Reason : OptimisticVerification
	CanRetry : True
	Data : System.Collections.ListDictionaryInternal
	TargetSite : Void CommitTransaction()
	HResult : -2146233088
	Stack Trace :    at DynamicModule.ns.Wrapped_OpenAccessPageProvider_4cb24681e92948dcbb90f86915594581.CommitTransaction()
	   at Telerik.Sitefinity.Data.ManagerBase`1.SaveChanges(String eventOrigin)
	   at Telerik.Sitefinity.Data.ManagerBase`1.SaveChanges()
	   at Telerik.Sitefinity.Modules.Pages.Web.Services.ZoneEditorService.DiscardPageDraft(String draftId)



Category: ErrorLog

Priority: 0

EventId: 90000

Severity: Error

Title:Enterprise Library Exception Handling

Machine: L76MIA0U2071HKK

App Domain: /LM/W3SVC/2/ROOT-16-130892143913407720

ProcessId: 11696

Process Name: C:\Program Files (x86)\IIS Express\iisexpress.exe

Thread Name: 

Win32 ThreadId:14864

Extended Properties: 
----------------------------------------
----------------------------------------
Timestamp: 10/13/2015 3:52:18 PM

Message: HandlingInstanceID: c9867722-b559-4607-8d01-c8b9f17f06ff
An exception of type 'Telerik.OpenAccess.Exceptions.DataStoreException' occurred and was caught.
------------------------------------------------------------------------------------------------
10/13/2015 11:52:18
Type : Telerik.OpenAccess.Exceptions.DataStoreException, Telerik.OpenAccess, Version=2015.2.624.1, Culture=neutral, PublicKeyToken=7ce17eeaf1d59342
Message : System.InvalidOperationException: Invalid attempt to call Read when reader is closed.
   at Telerik.OpenAccess.RT.Adonet2Generic.Impl.ResultSetImp.next()
   at OpenAccessRuntime.Relational.fetch.FetchResultImp.rsNext()
   at OpenAccessRuntime.Relational.fetch.FetchResultImp.hasNext() 
Source : Telerik.OpenAccess
Help link : 
InnerExceptions : System.Exception[]
FailedObject : 
BackendError : 
Reason : Runtime
CanRetry : False
Data : System.Collections.ListDictionaryInternal
TargetSite : Void ThrowException(System.Exception)
HResult : -2146233088
Stack Trace :    at Telerik.OpenAccess.SPI.Backends.ThrowException(Exception e)
   at OpenAccessRuntime.ExceptionWrapper.Throw()
   at OpenAccessRuntime.storagemanager.logging.LoggingStorageManager.executeQueryAll(ApplicationContext context, ImmutableQueryDetails query, CompiledQuery compiledQuery, QueryParameters parameters, Int32 skip, Int32 take)
   at OpenAccessRuntime.DataObjects.UnsynchronizedPMProxy.getAllQueryResults(CompiledQuery cq, QueryParameters parameters, Int32 skip, Int32 take)
   at OpenAccessRuntime.DataObjects.ForwardQueryResult.Resolve()
   at OpenAccessRuntime.DataObjects.ForwardQueryResult.Initialize()
   at OpenAccessRuntime.DataObjects.ForwardQueryResult.get_Item(Int32 indexParam)
   at OpenAccessRuntime.ListEnumerator.setCurrent(Int32 _pos)
   at OpenAccessRuntime.ListEnumerator.Move(Int32 relative)
   at OpenAccessRuntime.ListEnumerator.MoveNext()
   at Telerik.OpenAccess.Query.TypedEnumerator`1.MoveNext()
   at System.Collections.Generic.List`1..ctor(IEnumerable`1 collection)
   at System.Linq.Enumerable.ToList[TSource](IEnumerable`1 source)
   at Telerik.Sitefinity.Data.OA.MetadataSourceAggregator.GetMetaCache(MetadataManager manager)
   at Telerik.Sitefinity.Data.OA.MetadataSourceAggregator.GetMetaTypes(MetadataManager manager)
   at Telerik.Sitefinity.Abstractions.AppSettings.GetMetaTypes()
   at Telerik.Sitefinity.Abstractions.AppSettings.<GetMetaTypes>b__9(String nameSpace, String className)
   at Telerik.Sitefinity.Data.Metadata.MetaDataProvider.GetMetaTypes(Type type, Func`3 getMetaTypeFunc)
   at Telerik.Sitefinity.Abstractions.AppSettings.GetMetaTypes(Type type)
   at Telerik.Sitefinity.Descriptors.DynamicFieldsTypeDescriptor..ctor(ICustomTypeDescriptor parent, Type type)
   at Telerik.Sitefinity.Model.DynamicFieldsTypeDescriptionProvider.GetTypeDescriptor(Type objectType, Object instance)
   at System.ComponentModel.TypeDescriptor.TypeDescriptionNode.DefaultTypeDescriptor.System.ComponentModel.ICustomTypeDescriptor.GetProperties()
   at System.ComponentModel.TypeDescriptor.GetProperties(Type componentType)
   at Telerik.Sitefinity.Fluent.Definitions.Fields.FieldControlDefinitionFacade`3.SetLocalizableDataFieldName(String dataFieldName)
   at Telerik.Sitefinity.Fluent.Definitions.FieldControlsCollection`1.AddLocalizedTextField(String fieldName)
   at Telerik.Sitefinity.Fluent.Definitions.SectionDefinitionFacade`1.AddLocalizedTextField(String fieldName)
   at Telerik.Sitefinity.Modules.GenericContent.CommentsDefinitions.DefineCommentsBackendContentView(ConfigElement parent, String controlDefinitionName, String defaultProviderName, Type managerType, String specificResourceClassId)
   at Telerik.Sitefinity.Modules.News.Configuration.NewsConfig.InitializeDefaultViews(ConfigElementDictionary`2 contentViewControls)
   at Telerik.Sitefinity.Modules.GenericContent.Configuration.ContentModuleConfigBase.OnPropertiesInitialized()
   at Telerik.Sitefinity.Modules.News.Configuration.NewsConfig.OnPropertiesInitialized()
   at Telerik.Sitefinity.Configuration.ConfigElement.InitializeProperties()
   at Telerik.Sitefinity.Configuration.ConfigSection.InitializeProperties()
   at Telerik.Sitefinity.Configuration.ConfigElement.EnsurePropertiesInitialized()
   at Telerik.Sitefinity.Configuration.ConfigElement.get_Properties()
   at Telerik.Sitefinity.Configuration.ConfigElement.get_Item(String propertyName)
   at Telerik.Sitefinity.Modules.GenericContent.Configuration.ModuleConfigBase.get_Providers()
   at Telerik.Sitefinity.Modules.News.NewsManager.get_ProvidersSettings()
   at Telerik.Sitefinity.Data.ManagerBase`1.GetProvidersSettings()
   at Telerik.Sitefinity.Data.ManagerBase`1.Initialize()

Additional Info:

MachineName : L76MIA0U2071HKK
TimeStamp : 10/13/2015 3:52:18 PM
FullName : Telerik.Sitefinity.Utilities, Version=8.1.5820.0, Culture=neutral, PublicKeyToken=b28c218413bdf563
AppDomainName : /LM/W3SVC/2/ROOT-1-130892248162214634
ThreadIdentity : 
WindowsIdentity : PRODCEAD\jz3350
Requested URL : http://127.0.0.1/
	Inner Exception
	---------------
	Type : System.InvalidOperationException, mscorlib, Version=4.0.0.0, Culture=neutral, PublicKeyToken=b77a5c561934e089
	Message : Invalid attempt to call Read when reader is closed.
	Source : Telerik.OpenAccess.Runtime
	Help link : 
	Data : System.Collections.ListDictionaryInternal
	TargetSite : Boolean next()
	HResult : -2146233079
	Stack Trace :    at Telerik.OpenAccess.RT.Adonet2Generic.Impl.ResultSetImp.next()
	   at OpenAccessRuntime.Relational.fetch.FetchResultImp.rsNext()
	   at OpenAccessRuntime.Relational.fetch.FetchResultImp.hasNext()



Category: ErrorLog

Priority: 0

EventId: 90030

Severity: Error

Title:Enterprise Library Exception Handling

Machine: L76MIA0U2071HKK

App Domain: /LM/W3SVC/2/ROOT-1-130892248162214634

ProcessId: 12580

Process Name: C:\Program Files (x86)\IIS Express\iisexpress.exe

Thread Name: 

Win32 ThreadId:16380

Extended Properties: 
----------------------------------------
----------------------------------------
Timestamp: 10/13/2015 4:58:15 PM

Message: HandlingInstanceID: b6ea31ba-34ca-4e00-bcd4-cf53b1af7437
An exception of type 'System.NullReferenceException' occurred and was caught.
-----------------------------------------------------------------------------
10/13/2015 12:58:15
Type : System.NullReferenceException, mscorlib, Version=4.0.0.0, Culture=neutral, PublicKeyToken=b77a5c561934e089
Message : Object reference not set to an instance of an object.
Source : SitefinityWebApp
Help link : 
Data : System.Collections.ListDictionaryInternal
TargetSite : Void InitializeControls(Telerik.Sitefinity.Web.UI.GenericContainer)
HResult : -2147467261
Stack Trace :    at SitefinityWebApp.Custom.Designer.TestDesigner.InitializeControls(GenericContainer container)
   at Telerik.Sitefinity.Web.UI.SimpleView.CreateChildControls()
   at System.Web.UI.Control.EnsureChildControls()
   at System.Web.UI.Control.PreRenderRecursiveInternal()
   at System.Web.UI.Control.PreRenderRecursiveInternal()
   at System.Web.UI.Control.PreRenderRecursiveInternal()
   at System.Web.UI.Control.PreRenderRecursiveInternal()
   at System.Web.UI.Control.PreRenderRecursiveInternal()
   at System.Web.UI.Control.PreRenderRecursiveInternal()
   at System.Web.UI.Control.PreRenderRecursiveInternal()
   at System.Web.UI.Control.PreRenderRecursiveInternal()
   at System.Web.UI.Control.PreRenderRecursiveInternal()
   at System.Web.UI.Page.ProcessRequestMain(Boolean includeStagesBeforeAsyncPoint, Boolean includeStagesAfterAsyncPoint)

Additional Info:

MachineName : L76MIA0U2071HKK
TimeStamp : 10/13/2015 4:58:15 PM
FullName : Telerik.Sitefinity.Utilities, Version=8.1.5820.0, Culture=neutral, PublicKeyToken=b28c218413bdf563
AppDomainName : /LM/W3SVC/2/ROOT-1-130892253685576915
ThreadIdentity : admin
WindowsIdentity : PRODCEAD\jz3350
Requested URL : http://localhost:60876/Sitefinity/Dialog/PropertyEditor?Id=1d4b95db-8708-6177-8507-ff000056674f&MediaType=0&PageId=184b95db-8708-6177-8507-ff000056674f&propertyValueCulture=&hideSaveAllTranslations=true&rwndrnd=0.672339603304863


Category: ErrorLog

Priority: 0

EventId: 90000

Severity: Error

Title:Enterprise Library Exception Handling

Machine: L76MIA0U2071HKK

App Domain: /LM/W3SVC/2/ROOT-1-130892253685576915

ProcessId: 17148

Process Name: C:\Program Files (x86)\IIS Express\iisexpress.exe

Thread Name: 

Win32 ThreadId:20616

Extended Properties: 
----------------------------------------
----------------------------------------
Timestamp: 10/13/2015 5:01:35 PM

Message: HandlingInstanceID: a8a328f8-f894-4703-81d4-15a7f8e22a5b
An exception of type 'Telerik.Sitefinity.SitefinityExceptions.ItemNotFoundException' occurred and was caught.
-------------------------------------------------------------------------------------------------------------
10/13/2015 13:01:35
Type : Telerik.Sitefinity.SitefinityExceptions.ItemNotFoundException, Telerik.Sitefinity, Version=8.1.5820.0, Culture=neutral, PublicKeyToken=b28c218413bdf563
Message : You are trying to access item that no longer exists. The most probable reason is that it has been deleted by another user.
Source : Unity_ILEmit_DynamicClasses
Help link : 
Data : System.Collections.ListDictionaryInternal
TargetSite : Telerik.Sitefinity.Pages.Model.PageNode GetPageNode(System.Guid)
HResult : -2146233088
Stack Trace :    at DynamicModule.ns.Wrapped_OpenAccessPageProvider_1105ccd6be634a439289b74eb155c790.GetPageNode(Guid id)
   at Telerik.Sitefinity.Modules.Pages.PageManager.GetPageNode(Guid id)
   at SitefinityWebApp.Custom.Designer.TestDesigner.InitializeControls(GenericContainer container)
   at Telerik.Sitefinity.Web.UI.SimpleView.CreateChildControls()
   at System.Web.UI.Control.EnsureChildControls()
   at System.Web.UI.Control.PreRenderRecursiveInternal()
   at System.Web.UI.Control.PreRenderRecursiveInternal()
   at System.Web.UI.Control.PreRenderRecursiveInternal()
   at System.Web.UI.Control.PreRenderRecursiveInternal()
   at System.Web.UI.Control.PreRenderRecursiveInternal()
   at System.Web.UI.Control.PreRenderRecursiveInternal()
   at System.Web.UI.Control.PreRenderRecursiveInternal()
   at System.Web.UI.Control.PreRenderRecursiveInternal()
   at System.Web.UI.Control.PreRenderRecursiveInternal()
   at System.Web.UI.Page.ProcessRequestMain(Boolean includeStagesBeforeAsyncPoint, Boolean includeStagesAfterAsyncPoint)

Additional Info:

MachineName : L76MIA0U2071HKK
TimeStamp : 10/13/2015 5:01:35 PM
FullName : Telerik.Sitefinity.Utilities, Version=8.1.5820.0, Culture=neutral, PublicKeyToken=b28c218413bdf563
AppDomainName : /LM/W3SVC/2/ROOT-1-130892253685576915
ThreadIdentity : admin
WindowsIdentity : PRODCEAD\jz3350
Requested URL : http://localhost:60876/Sitefinity/Dialog/PropertyEditor?Id=1d4b95db-8708-6177-8507-ff000056674f&MediaType=0&PageId=184b95db-8708-6177-8507-ff000056674f&propertyValueCulture=&hideSaveAllTranslations=true&rwndrnd=0.1641604690812528


Category: ErrorLog

Priority: 0

EventId: 90000

Severity: Error

Title:Enterprise Library Exception Handling

Machine: L76MIA0U2071HKK

App Domain: /LM/W3SVC/2/ROOT-1-130892253685576915

ProcessId: 17148

Process Name: C:\Program Files (x86)\IIS Express\iisexpress.exe

Thread Name: 

Win32 ThreadId:21044

Extended Properties: 
----------------------------------------
----------------------------------------
Timestamp: 10/13/2015 5:01:54 PM

Message: HandlingInstanceID: 864738ee-43ee-4177-8ba2-48389416924d
An exception of type 'Telerik.Sitefinity.SitefinityExceptions.ItemNotFoundException' occurred and was caught.
-------------------------------------------------------------------------------------------------------------
10/13/2015 13:01:54
Type : Telerik.Sitefinity.SitefinityExceptions.ItemNotFoundException, Telerik.Sitefinity, Version=8.1.5820.0, Culture=neutral, PublicKeyToken=b28c218413bdf563
Message : You are trying to access item that no longer exists. The most probable reason is that it has been deleted by another user.
Source : Unity_ILEmit_DynamicClasses
Help link : 
Data : System.Collections.ListDictionaryInternal
TargetSite : Telerik.Sitefinity.Pages.Model.PageNode GetPageNode(System.Guid)
HResult : -2146233088
Stack Trace :    at DynamicModule.ns.Wrapped_OpenAccessPageProvider_1105ccd6be634a439289b74eb155c790.GetPageNode(Guid id)
   at Telerik.Sitefinity.Modules.Pages.PageManager.GetPageNode(Guid id)
   at SitefinityWebApp.Custom.Designer.TestDesigner.InitializeControls(GenericContainer container)
   at Telerik.Sitefinity.Web.UI.SimpleView.CreateChildControls()
   at System.Web.UI.Control.EnsureChildControls()
   at System.Web.UI.Control.PreRenderRecursiveInternal()
   at System.Web.UI.Control.PreRenderRecursiveInternal()
   at System.Web.UI.Control.PreRenderRecursiveInternal()
   at System.Web.UI.Control.PreRenderRecursiveInternal()
   at System.Web.UI.Control.PreRenderRecursiveInternal()
   at System.Web.UI.Control.PreRenderRecursiveInternal()
   at System.Web.UI.Control.PreRenderRecursiveInternal()
   at System.Web.UI.Control.PreRenderRecursiveInternal()
   at System.Web.UI.Control.PreRenderRecursiveInternal()
   at System.Web.UI.Page.ProcessRequestMain(Boolean includeStagesBeforeAsyncPoint, Boolean includeStagesAfterAsyncPoint)

Additional Info:

MachineName : L76MIA0U2071HKK
TimeStamp : 10/13/2015 5:01:54 PM
FullName : Telerik.Sitefinity.Utilities, Version=8.1.5820.0, Culture=neutral, PublicKeyToken=b28c218413bdf563
AppDomainName : /LM/W3SVC/2/ROOT-1-130892253685576915
ThreadIdentity : admin
WindowsIdentity : PRODCEAD\jz3350
Requested URL : http://localhost:60876/Sitefinity/Dialog/PropertyEditor?Id=1d4b95db-8708-6177-8507-ff000056674f&MediaType=0&PageId=184b95db-8708-6177-8507-ff000056674f&propertyValueCulture=&hideSaveAllTranslations=true&rwndrnd=0.8825497517827898


Category: ErrorLog

Priority: 0

EventId: 90000

Severity: Error

Title:Enterprise Library Exception Handling

Machine: L76MIA0U2071HKK

App Domain: /LM/W3SVC/2/ROOT-1-130892253685576915

ProcessId: 17148

Process Name: C:\Program Files (x86)\IIS Express\iisexpress.exe

Thread Name: 

Win32 ThreadId:21044

Extended Properties: 
----------------------------------------
----------------------------------------
Timestamp: 10/13/2015 5:03:28 PM

Message: HandlingInstanceID: b415213f-d45e-4b26-b888-2a5384484546
An exception of type 'Telerik.OpenAccess.Exceptions.NoSuchObjectException' occurred and was caught.
---------------------------------------------------------------------------------------------------
10/13/2015 13:03:28
Type : Telerik.OpenAccess.Exceptions.NoSuchObjectException, Telerik.OpenAccess, Version=2015.2.624.1, Culture=neutral, PublicKeyToken=7ce17eeaf1d59342
Message : No row for Telerik.Sitefinity.Pages.Model.PageData ('sf_page_data') GenericOID@77fd446d PageData content_id=184b95db-8708-6177-8507-ff000056674f NOTRES 
Source : Unity_ILEmit_DynamicClasses
Help link : 
InnerExceptions : 
FailedObject : 
BackendError : 
Reason : NoSuchObject
CanRetry : True
Data : System.Collections.ListDictionaryInternal
TargetSite : Telerik.Sitefinity.Pages.Model.PageData GetPageData(System.Guid)
HResult : -2146233088
Stack Trace :    at DynamicModule.ns.Wrapped_OpenAccessPageProvider_1105ccd6be634a439289b74eb155c790.GetPageData(Guid id)
   at Telerik.Sitefinity.Modules.Pages.PageManager.GetPageData(Guid id)
   at SitefinityWebApp.Custom.Designer.TestDesigner.InitializeControls(GenericContainer container)
   at Telerik.Sitefinity.Web.UI.SimpleView.CreateChildControls()
   at System.Web.UI.Control.EnsureChildControls()
   at System.Web.UI.Control.PreRenderRecursiveInternal()
   at System.Web.UI.Control.PreRenderRecursiveInternal()
   at System.Web.UI.Control.PreRenderRecursiveInternal()
   at System.Web.UI.Control.PreRenderRecursiveInternal()
   at System.Web.UI.Control.PreRenderRecursiveInternal()
   at System.Web.UI.Control.PreRenderRecursiveInternal()
   at System.Web.UI.Control.PreRenderRecursiveInternal()
   at System.Web.UI.Control.PreRenderRecursiveInternal()
   at System.Web.UI.Control.PreRenderRecursiveInternal()
   at System.Web.UI.Page.ProcessRequestMain(Boolean includeStagesBeforeAsyncPoint, Boolean includeStagesAfterAsyncPoint)

Additional Info:

MachineName : L76MIA0U2071HKK
TimeStamp : 10/13/2015 5:03:28 PM
FullName : Telerik.Sitefinity.Utilities, Version=8.1.5820.0, Culture=neutral, PublicKeyToken=b28c218413bdf563
AppDomainName : /LM/W3SVC/2/ROOT-1-130892253685576915
ThreadIdentity : admin
WindowsIdentity : PRODCEAD\jz3350
Requested URL : http://localhost:60876/Sitefinity/Dialog/PropertyEditor?Id=1d4b95db-8708-6177-8507-ff000056674f&MediaType=0&PageId=184b95db-8708-6177-8507-ff000056674f&propertyValueCulture=&hideSaveAllTranslations=true&rwndrnd=0.20244988473132253


Category: ErrorLog

Priority: 0

EventId: 90000

Severity: Error

Title:Enterprise Library Exception Handling

Machine: L76MIA0U2071HKK

App Domain: /LM/W3SVC/2/ROOT-1-130892253685576915

ProcessId: 17148

Process Name: C:\Program Files (x86)\IIS Express\iisexpress.exe

Thread Name: 

Win32 ThreadId:16744

Extended Properties: 
----------------------------------------
----------------------------------------
Timestamp: 10/13/2015 5:03:51 PM

Message: HandlingInstanceID: 9a18af6a-bc51-4ead-b3e6-c3a8b90d89f0
An exception of type 'Telerik.OpenAccess.Exceptions.NoSuchObjectException' occurred and was caught.
---------------------------------------------------------------------------------------------------
10/13/2015 13:03:51
Type : Telerik.OpenAccess.Exceptions.NoSuchObjectException, Telerik.OpenAccess, Version=2015.2.624.1, Culture=neutral, PublicKeyToken=7ce17eeaf1d59342
Message : No row for Telerik.Sitefinity.Pages.Model.PageData ('sf_page_data') GenericOID@72fd3c8e PageData content_id=1d4b95db-8708-6177-8507-ff000056674f NOTRES 
Source : Unity_ILEmit_DynamicClasses
Help link : 
InnerExceptions : 
FailedObject : 
BackendError : 
Reason : NoSuchObject
CanRetry : True
Data : System.Collections.ListDictionaryInternal
TargetSite : Telerik.Sitefinity.Pages.Model.PageData GetPageData(System.Guid)
HResult : -2146233088
Stack Trace :    at DynamicModule.ns.Wrapped_OpenAccessPageProvider_1105ccd6be634a439289b74eb155c790.GetPageData(Guid id)
   at Telerik.Sitefinity.Modules.Pages.PageManager.GetPageData(Guid id)
   at SitefinityWebApp.Custom.Designer.TestDesigner.InitializeControls(GenericContainer container)
   at Telerik.Sitefinity.Web.UI.SimpleView.CreateChildControls()
   at System.Web.UI.Control.EnsureChildControls()
   at System.Web.UI.Control.PreRenderRecursiveInternal()
   at System.Web.UI.Control.PreRenderRecursiveInternal()
   at System.Web.UI.Control.PreRenderRecursiveInternal()
   at System.Web.UI.Control.PreRenderRecursiveInternal()
   at System.Web.UI.Control.PreRenderRecursiveInternal()
   at System.Web.UI.Control.PreRenderRecursiveInternal()
   at System.Web.UI.Control.PreRenderRecursiveInternal()
   at System.Web.UI.Control.PreRenderRecursiveInternal()
   at System.Web.UI.Control.PreRenderRecursiveInternal()
   at System.Web.UI.Page.ProcessRequestMain(Boolean includeStagesBeforeAsyncPoint, Boolean includeStagesAfterAsyncPoint)

Additional Info:

MachineName : L76MIA0U2071HKK
TimeStamp : 10/13/2015 5:03:51 PM
FullName : Telerik.Sitefinity.Utilities, Version=8.1.5820.0, Culture=neutral, PublicKeyToken=b28c218413bdf563
AppDomainName : /LM/W3SVC/2/ROOT-1-130892253685576915
ThreadIdentity : admin
WindowsIdentity : PRODCEAD\jz3350
Requested URL : http://localhost:60876/Sitefinity/Dialog/PropertyEditor?Id=1d4b95db-8708-6177-8507-ff000056674f&MediaType=0&PageId=184b95db-8708-6177-8507-ff000056674f&propertyValueCulture=&hideSaveAllTranslations=true&rwndrnd=0.20634320215322077


Category: ErrorLog

Priority: 0

EventId: 90000

Severity: Error

Title:Enterprise Library Exception Handling

Machine: L76MIA0U2071HKK

App Domain: /LM/W3SVC/2/ROOT-1-130892253685576915

ProcessId: 17148

Process Name: C:\Program Files (x86)\IIS Express\iisexpress.exe

Thread Name: 

Win32 ThreadId:8476

Extended Properties: 
----------------------------------------
----------------------------------------
Timestamp: 10/13/2015 5:22:30 PM

Message: HandlingInstanceID: a3ac4373-c96b-4155-8bff-214eb52212a0
An exception of type 'Telerik.Sitefinity.SitefinityExceptions.ItemNotFoundException' occurred and was caught.
-------------------------------------------------------------------------------------------------------------
10/13/2015 13:22:30
Type : Telerik.Sitefinity.SitefinityExceptions.ItemNotFoundException, Telerik.Sitefinity, Version=8.1.5820.0, Culture=neutral, PublicKeyToken=b28c218413bdf563
Message : You are trying to access item that no longer exists. The most probable reason is that it has been deleted by another user.
Source : Unity_ILEmit_DynamicClasses
Help link : 
Data : System.Collections.ListDictionaryInternal
TargetSite : Telerik.Sitefinity.Pages.Model.PageNode GetPageNode(System.Guid)
HResult : -2146233088
Stack Trace :    at DynamicModule.ns.Wrapped_OpenAccessPageProvider_1105ccd6be634a439289b74eb155c790.GetPageNode(Guid id)
   at Telerik.Sitefinity.Modules.Pages.PageManager.GetPageNode(Guid id)
   at SitefinityWebApp.Custom.Designer.TestDesigner.InitializeControls(GenericContainer container)
   at Telerik.Sitefinity.Web.UI.SimpleView.CreateChildControls()
   at System.Web.UI.Control.EnsureChildControls()
   at System.Web.UI.Control.PreRenderRecursiveInternal()
   at System.Web.UI.Control.PreRenderRecursiveInternal()
   at System.Web.UI.Control.PreRenderRecursiveInternal()
   at System.Web.UI.Control.PreRenderRecursiveInternal()
   at System.Web.UI.Control.PreRenderRecursiveInternal()
   at System.Web.UI.Control.PreRenderRecursiveInternal()
   at System.Web.UI.Control.PreRenderRecursiveInternal()
   at System.Web.UI.Control.PreRenderRecursiveInternal()
   at System.Web.UI.Control.PreRenderRecursiveInternal()
   at System.Web.UI.Page.ProcessRequestMain(Boolean includeStagesBeforeAsyncPoint, Boolean includeStagesAfterAsyncPoint)

Additional Info:

MachineName : L76MIA0U2071HKK
TimeStamp : 10/13/2015 5:22:30 PM
FullName : Telerik.Sitefinity.Utilities, Version=8.1.5820.0, Culture=neutral, PublicKeyToken=b28c218413bdf563
AppDomainName : /LM/W3SVC/2/ROOT-1-130892253685576915
ThreadIdentity : admin
WindowsIdentity : PRODCEAD\jz3350
Requested URL : http://localhost:60876/Sitefinity/Dialog/PropertyEditor?Id=1d4b95db-8708-6177-8507-ff000056674f&MediaType=0&PageId=184b95db-8708-6177-8507-ff000056674f&propertyValueCulture=&hideSaveAllTranslations=true&rwndrnd=0.17381040751934052


Category: ErrorLog

Priority: 0

EventId: 90000

Severity: Error

Title:Enterprise Library Exception Handling

Machine: L76MIA0U2071HKK

App Domain: /LM/W3SVC/2/ROOT-1-130892253685576915

ProcessId: 17148

Process Name: C:\Program Files (x86)\IIS Express\iisexpress.exe

Thread Name: 

Win32 ThreadId:21044

Extended Properties: 
----------------------------------------
----------------------------------------
Timestamp: 10/13/2015 5:23:01 PM

Message: HandlingInstanceID: 5a305d83-8b5e-4499-9430-35d768ee65f2
An exception of type 'Telerik.OpenAccess.Exceptions.NoSuchObjectException' occurred and was caught.
---------------------------------------------------------------------------------------------------
10/13/2015 13:23:01
Type : Telerik.OpenAccess.Exceptions.NoSuchObjectException, Telerik.OpenAccess, Version=2015.2.624.1, Culture=neutral, PublicKeyToken=7ce17eeaf1d59342
Message : No row for Telerik.Sitefinity.Pages.Model.PageData ('sf_page_data') GenericOID@77fd446d PageData content_id=184b95db-8708-6177-8507-ff000056674f NOTRES 
Source : Unity_ILEmit_DynamicClasses
Help link : 
InnerExceptions : 
FailedObject : 
BackendError : 
Reason : NoSuchObject
CanRetry : True
Data : System.Collections.ListDictionaryInternal
TargetSite : Telerik.Sitefinity.Pages.Model.PageData GetPageData(System.Guid)
HResult : -2146233088
Stack Trace :    at DynamicModule.ns.Wrapped_OpenAccessPageProvider_1105ccd6be634a439289b74eb155c790.GetPageData(Guid id)
   at Telerik.Sitefinity.Modules.Pages.PageManager.GetPageData(Guid id)
   at SitefinityWebApp.Custom.Designer.TestDesigner.InitializeControls(GenericContainer container)
   at Telerik.Sitefinity.Web.UI.SimpleView.CreateChildControls()
   at System.Web.UI.Control.EnsureChildControls()
   at System.Web.UI.Control.PreRenderRecursiveInternal()
   at System.Web.UI.Control.PreRenderRecursiveInternal()
   at System.Web.UI.Control.PreRenderRecursiveInternal()
   at System.Web.UI.Control.PreRenderRecursiveInternal()
   at System.Web.UI.Control.PreRenderRecursiveInternal()
   at System.Web.UI.Control.PreRenderRecursiveInternal()
   at System.Web.UI.Control.PreRenderRecursiveInternal()
   at System.Web.UI.Control.PreRenderRecursiveInternal()
   at System.Web.UI.Control.PreRenderRecursiveInternal()
   at System.Web.UI.Page.ProcessRequestMain(Boolean includeStagesBeforeAsyncPoint, Boolean includeStagesAfterAsyncPoint)

Additional Info:

MachineName : L76MIA0U2071HKK
TimeStamp : 10/13/2015 5:23:01 PM
FullName : Telerik.Sitefinity.Utilities, Version=8.1.5820.0, Culture=neutral, PublicKeyToken=b28c218413bdf563
AppDomainName : /LM/W3SVC/2/ROOT-1-130892253685576915
ThreadIdentity : admin
WindowsIdentity : PRODCEAD\jz3350
Requested URL : http://localhost:60876/Sitefinity/Dialog/PropertyEditor?Id=1d4b95db-8708-6177-8507-ff000056674f&MediaType=0&PageId=184b95db-8708-6177-8507-ff000056674f&propertyValueCulture=&hideSaveAllTranslations=true&rwndrnd=0.6276335648726672


Category: ErrorLog

Priority: 0

EventId: 90000

Severity: Error

Title:Enterprise Library Exception Handling

Machine: L76MIA0U2071HKK

App Domain: /LM/W3SVC/2/ROOT-1-130892253685576915

ProcessId: 17148

Process Name: C:\Program Files (x86)\IIS Express\iisexpress.exe

Thread Name: 

Win32 ThreadId:16244

Extended Properties: 
----------------------------------------
----------------------------------------
Timestamp: 10/13/2015 7:25:37 PM

Message: HandlingInstanceID: ee2e8086-cf1d-4e9b-8f52-acd06d470e1e
An exception of type 'System.NullReferenceException' occurred and was caught.
-----------------------------------------------------------------------------
10/13/2015 15:25:37
Type : System.NullReferenceException, mscorlib, Version=4.0.0.0, Culture=neutral, PublicKeyToken=b77a5c561934e089
Message : Object reference not set to an instance of an object.
Source : Telerik.OpenAccess.35.Extensions
Help link : 
Data : System.Collections.ListDictionaryInternal
TargetSite : Boolean MoveNext()
HResult : -2147467261
Stack Trace :    at Telerik.OpenAccess.Query.TypedEnumerator`1.MoveNext()
   at Telerik.Sitefinity.Security.PermissionApplierEnumeratorBase`1.MoveNext()
   at Telerik.Sitefinity.Data.Linq.DataItemEnumerator`1.MoveNext()
   at SitefinityWebApp.Custom.Designer.TestDesigner.InitializeControls(GenericContainer container)
   at Telerik.Sitefinity.Web.UI.SimpleView.CreateChildControls()
   at System.Web.UI.Control.EnsureChildControls()
   at System.Web.UI.Control.PreRenderRecursiveInternal()
   at System.Web.UI.Control.PreRenderRecursiveInternal()
   at System.Web.UI.Control.PreRenderRecursiveInternal()
   at System.Web.UI.Control.PreRenderRecursiveInternal()
   at System.Web.UI.Control.PreRenderRecursiveInternal()
   at System.Web.UI.Control.PreRenderRecursiveInternal()
   at System.Web.UI.Control.PreRenderRecursiveInternal()
   at System.Web.UI.Control.PreRenderRecursiveInternal()
   at System.Web.UI.Control.PreRenderRecursiveInternal()
   at System.Web.UI.Page.ProcessRequestMain(Boolean includeStagesBeforeAsyncPoint, Boolean includeStagesAfterAsyncPoint)

Additional Info:

MachineName : L76MIA0U2071HKK
TimeStamp : 10/13/2015 7:25:37 PM
FullName : Telerik.Sitefinity.Utilities, Version=8.1.5820.0, Culture=neutral, PublicKeyToken=b28c218413bdf563
AppDomainName : /LM/W3SVC/2/ROOT-1-130892253685576915
ThreadIdentity : admin
WindowsIdentity : PRODCEAD\jz3350
Requested URL : http://localhost:60876/Sitefinity/Dialog/PropertyEditor?Id=1d4b95db-8708-6177-8507-ff000056674f&MediaType=0&PageId=184b95db-8708-6177-8507-ff000056674f&propertyValueCulture=&hideSaveAllTranslations=true&rwndrnd=0.6870558257214725


Category: ErrorLog

Priority: 0

EventId: 90000

Severity: Error

Title:Enterprise Library Exception Handling

Machine: L76MIA0U2071HKK

App Domain: /LM/W3SVC/2/ROOT-1-130892253685576915

ProcessId: 17148

Process Name: C:\Program Files (x86)\IIS Express\iisexpress.exe

Thread Name: 

Win32 ThreadId:12108

Extended Properties: 
----------------------------------------
----------------------------------------
Timestamp: 10/13/2015 7:26:16 PM

Message: HandlingInstanceID: 7606f869-1598-47bf-a099-c09cc04dda1a
An exception of type 'Telerik.Sitefinity.Utilities.MS.ServiceModel.Web.WebProtocolException' occurred and was caught.
---------------------------------------------------------------------------------------------------------------------
10/13/2015 15:26:16
Type : Telerik.Sitefinity.Utilities.MS.ServiceModel.Web.WebProtocolException, Telerik.Sitefinity.Utilities, Version=8.1.5820.0, Culture=neutral, PublicKeyToken=b28c218413bdf563
Message : Row not found: GenericOID@a13de0c2 PageDraft id=174b95db-8708-6177-8507-ff000056674f
UPDATE [sf_draft_pages] SET [last_modified] = ?, [voa_version] = ?, [flags] = ? WHERE [id] = ? AND [voa_version] = ?
(set event logging to all to see parameter values)
Source : Telerik.Sitefinity
Help link : 
StatusCode : InternalServerError
StatusDescription : Row not found: GenericOID@a13de0c2 PageDraft id=174b95db-8708-6177-8507-ff000056674f
UPDATE [sf_draft_pages] SET [last_modified] = ?, [voa_version] = ?, [flags] = ? WHERE [id] = ? AND [voa_version] = ?
(set event logging to all to see parameter values)
IsDetailXhtml : True
Data : System.Collections.ListDictionaryInternal
TargetSite : Boolean DiscardPageDraft(System.String)
HResult : -2146233087
detailWriterInstance : Telerik.Sitefinity.Utilities.MS.ServiceModel.Web.WebProtocolException+StringDetailWriter
Stack Trace :    at Telerik.Sitefinity.Modules.Pages.Web.Services.ZoneEditorService.DiscardPageDraft(String draftId)
   at SyncInvokeDiscardPageDraft(Object , Object[] , Object[] )
   at System.ServiceModel.Dispatcher.SyncMethodInvoker.Invoke(Object instance, Object[] inputs, Object[]& outputs)
   at System.ServiceModel.Dispatcher.DispatchOperationRuntime.InvokeBegin(MessageRpc& rpc)
   at System.ServiceModel.Dispatcher.ImmutableDispatchRuntime.ProcessMessage5(MessageRpc& rpc)
   at System.ServiceModel.Dispatcher.ImmutableDispatchRuntime.ProcessMessage41(MessageRpc& rpc)
   at System.ServiceModel.Dispatcher.ImmutableDispatchRuntime.ProcessMessage4(MessageRpc& rpc)
   at System.ServiceModel.Dispatcher.ImmutableDispatchRuntime.ProcessMessage31(MessageRpc& rpc)
   at System.ServiceModel.Dispatcher.ImmutableDispatchRuntime.ProcessMessage3(MessageRpc& rpc)
   at System.ServiceModel.Dispatcher.ImmutableDispatchRuntime.ProcessMessage2(MessageRpc& rpc)
   at System.ServiceModel.Dispatcher.ImmutableDispatchRuntime.ProcessMessage11(MessageRpc& rpc)
   at System.ServiceModel.Dispatcher.ImmutableDispatchRuntime.ProcessMessage1(MessageRpc& rpc)
   at System.ServiceModel.Dispatcher.MessageRpc.Process(Boolean isOperationContextSet)

Additional Info:

MachineName : L76MIA0U2071HKK
TimeStamp : 10/13/2015 7:26:16 PM
FullName : Telerik.Sitefinity.Utilities, Version=8.1.5820.0, Culture=neutral, PublicKeyToken=b28c218413bdf563
AppDomainName : /LM/W3SVC/2/ROOT-2-130892379424539789
ThreadIdentity : 
WindowsIdentity : PRODCEAD\jz3350
Requested URL : http://localhost:60876/Sitefinity/Services/Pages/ZoneEditorService.svc/Page/184b95db-8708-6177-8507-ff000056674f/
	Inner Exception
	---------------
	Type : Telerik.OpenAccess.Exceptions.OptimisticVerificationException, Telerik.OpenAccess, Version=2015.2.624.1, Culture=neutral, PublicKeyToken=7ce17eeaf1d59342
	Message : Row not found: GenericOID@a13de0c2 PageDraft id=174b95db-8708-6177-8507-ff000056674f
UPDATE [sf_draft_pages] SET [last_modified] = ?, [voa_version] = ?, [flags] = ? WHERE [id] = ? AND [voa_version] = ?
(set event logging to all to see parameter values)
	Source : Unity_ILEmit_DynamicClasses
	Help link : 
	NumberOfConflicts : 1
	InnerExceptions : System.Exception[]
	FailedObject : 
	BackendError : 
	Reason : OptimisticVerification
	CanRetry : True
	Data : System.Collections.ListDictionaryInternal
	TargetSite : Void CommitTransaction()
	HResult : -2146233088
	Stack Trace :    at DynamicModule.ns.Wrapped_OpenAccessPageProvider_06941f6e2b944af98a7099374c2cbb7e.CommitTransaction()
	   at Telerik.Sitefinity.Data.ManagerBase`1.SaveChanges(String eventOrigin)
	   at Telerik.Sitefinity.Data.ManagerBase`1.SaveChanges()
	   at Telerik.Sitefinity.Modules.Pages.Web.Services.ZoneEditorService.DiscardPageDraft(String draftId)



Category: ErrorLog

Priority: 0

EventId: 90000

Severity: Error

Title:Enterprise Library Exception Handling

Machine: L76MIA0U2071HKK

App Domain: /LM/W3SVC/2/ROOT-2-130892379424539789

ProcessId: 17148

Process Name: C:\Program Files (x86)\IIS Express\iisexpress.exe

Thread Name: 

Win32 ThreadId:5064

Extended Properties: 
----------------------------------------
