----------------------------------------
Timestamp: 10/15/2015 7:14:35 PM

Message: Shutting down threadpool...


----------------------------------------
----------------------------------------
Timestamp: 10/15/2015 7:14:35 PM

Message: Thread pool 'BackgroundTasksService': Shutdown of thread pool completed. All currently running threads will finish their work and stop.


----------------------------------------
----------------------------------------
Timestamp: 10/15/2015 7:14:35 PM

Message: WorkerThread is shut down


----------------------------------------
----------------------------------------
Timestamp: 10/15/2015 7:14:35 PM

Message: WorkerThread is shut down


----------------------------------------
----------------------------------------
Timestamp: 10/15/2015 7:14:35 PM

Message: Background task scheduler shut down


----------------------------------------
----------------------------------------
Timestamp: 10/15/2015 7:14:35 PM

Message: WorkerThread is shut down


----------------------------------------
----------------------------------------
Timestamp: 10/15/2015 7:14:35 PM

Message: WorkerThread is shut down


----------------------------------------
----------------------------------------
Timestamp: 10/15/2015 7:15:05 PM

Message: Shutting down threadpool...


----------------------------------------
----------------------------------------
Timestamp: 10/15/2015 7:15:05 PM

Message: Thread pool 'BackgroundTasksService': Shutdown of thread pool completed. Threads aborted.


----------------------------------------
----------------------------------------
Timestamp: 10/16/2015 5:57:56 PM

Message: Shutting down threadpool...


----------------------------------------
----------------------------------------
Timestamp: 10/16/2015 5:57:57 PM

Message: Thread pool 'BackgroundTasksService': Shutdown of thread pool completed. All currently running threads will finish their work and stop.


----------------------------------------
----------------------------------------
Timestamp: 10/16/2015 5:57:57 PM

Message: Background task scheduler shut down


----------------------------------------
----------------------------------------
Timestamp: 10/16/2015 5:57:57 PM

Message: WorkerThread is shut down


----------------------------------------
----------------------------------------
Timestamp: 10/16/2015 5:57:57 PM

Message: WorkerThread is shut down


----------------------------------------
----------------------------------------
Timestamp: 10/16/2015 5:57:57 PM

Message: WorkerThread is shut down


----------------------------------------
----------------------------------------
Timestamp: 10/16/2015 5:57:57 PM

Message: WorkerThread is shut down


----------------------------------------
----------------------------------------
Timestamp: 10/16/2015 5:58:27 PM

Message: Shutting down threadpool...


----------------------------------------
----------------------------------------
Timestamp: 10/16/2015 5:58:27 PM

Message: Thread pool 'BackgroundTasksService': Shutdown of thread pool completed. Threads aborted.


----------------------------------------
