----------------------------------------
Timestamp: 10/19/2015 7:26:24 PM

Message: Shutting down threadpool...


----------------------------------------
----------------------------------------
Timestamp: 10/19/2015 7:26:24 PM

Message: Thread pool 'BackgroundTasksService': Shutdown of thread pool completed. All currently running threads will finish their work and stop.


----------------------------------------
----------------------------------------
Timestamp: 10/19/2015 7:26:24 PM

Message: WorkerThread is shut down


----------------------------------------
----------------------------------------
Timestamp: 10/19/2015 7:26:24 PM

Message: WorkerThread is shut down


----------------------------------------
----------------------------------------
Timestamp: 10/19/2015 7:26:24 PM

Message: WorkerThread is shut down


----------------------------------------
----------------------------------------
Timestamp: 10/19/2015 7:26:24 PM

Message: Background task scheduler shut down


----------------------------------------
----------------------------------------
Timestamp: 10/19/2015 7:26:24 PM

Message: WorkerThread is shut down


----------------------------------------
----------------------------------------
Timestamp: 10/19/2015 7:26:54 PM

Message: Shutting down threadpool...


----------------------------------------
----------------------------------------
Timestamp: 10/19/2015 7:26:54 PM

Message: Thread pool 'BackgroundTasksService': Shutdown of thread pool completed. Threads aborted.


----------------------------------------
