----------------------------------------
Timestamp: 10/13/2015 7:10:29 PM

Message: Shutting down threadpool...


----------------------------------------
----------------------------------------
Timestamp: 10/13/2015 7:10:29 PM

Message: Thread pool 'BackgroundTasksService': Shutdown of thread pool completed. All currently running threads will finish their work and stop.


----------------------------------------
----------------------------------------
Timestamp: 10/13/2015 7:10:37 PM

Message: WorkerThread is shut down


----------------------------------------
----------------------------------------
Timestamp: 10/13/2015 7:10:37 PM

Message: Background task scheduler shut down


----------------------------------------
----------------------------------------
Timestamp: 10/13/2015 7:10:37 PM

Message: WorkerThread is shut down


----------------------------------------
----------------------------------------
Timestamp: 10/13/2015 7:10:37 PM

Message: WorkerThread is shut down


----------------------------------------
----------------------------------------
Timestamp: 10/13/2015 7:10:37 PM

Message: WorkerThread is shut down


----------------------------------------
----------------------------------------
Timestamp: 10/13/2015 7:11:30 PM

Message: Shutting down threadpool...


----------------------------------------
----------------------------------------
Timestamp: 10/13/2015 7:11:32 PM

Message: Thread pool 'BackgroundTasksService': Shutdown of thread pool completed. Threads aborted.


----------------------------------------
----------------------------------------
Timestamp: 10/14/2015 1:53:09 PM

Message: Shutting down threadpool...


----------------------------------------
----------------------------------------
Timestamp: 10/14/2015 1:53:14 PM

Message: Thread pool 'BackgroundTasksService': Shutdown of thread pool completed. All currently running threads will finish their work and stop.


----------------------------------------
----------------------------------------
Timestamp: 10/14/2015 1:53:14 PM

Message: WorkerThread is shut down


----------------------------------------
----------------------------------------
Timestamp: 10/14/2015 1:53:14 PM

Message: Background task scheduler shut down


----------------------------------------
----------------------------------------
Timestamp: 10/14/2015 1:53:15 PM

Message: WorkerThread is shut down


----------------------------------------
----------------------------------------
Timestamp: 10/14/2015 1:53:15 PM

Message: WorkerThread is shut down


----------------------------------------
----------------------------------------
Timestamp: 10/14/2015 1:53:15 PM

Message: WorkerThread is shut down


----------------------------------------
----------------------------------------
Timestamp: 10/14/2015 1:54:38 PM

Message: Shutting down threadpool...


----------------------------------------
----------------------------------------
Timestamp: 10/14/2015 1:54:38 PM

Message: Thread pool 'BackgroundTasksService': Shutdown of thread pool completed. Threads aborted.


----------------------------------------
----------------------------------------
Timestamp: 10/14/2015 4:09:22 PM

Message: Shutting down threadpool...


----------------------------------------
----------------------------------------
Timestamp: 10/14/2015 4:09:22 PM

Message: Thread pool 'BackgroundTasksService': Shutdown of thread pool completed. All currently running threads will finish their work and stop.


----------------------------------------
----------------------------------------
Timestamp: 10/14/2015 4:09:22 PM

Message: WorkerThread is shut down


----------------------------------------
----------------------------------------
Timestamp: 10/14/2015 4:09:22 PM

Message: WorkerThread is shut down


----------------------------------------
----------------------------------------
Timestamp: 10/14/2015 4:09:22 PM

Message: Background task scheduler shut down


----------------------------------------
----------------------------------------
Timestamp: 10/14/2015 4:09:22 PM

Message: WorkerThread is shut down


----------------------------------------
----------------------------------------
Timestamp: 10/14/2015 4:09:22 PM

Message: WorkerThread is shut down


----------------------------------------
----------------------------------------
Timestamp: 10/14/2015 4:09:52 PM

Message: Shutting down threadpool...


----------------------------------------
----------------------------------------
Timestamp: 10/14/2015 4:09:52 PM

Message: Thread pool 'BackgroundTasksService': Shutdown of thread pool completed. Threads aborted.


----------------------------------------
