----------------------------------------
Timestamp: 10/21/2015 12:37:22 PM

Message: Shutting down threadpool...


----------------------------------------
----------------------------------------
Timestamp: 10/21/2015 12:37:22 PM

Message: Thread pool 'BackgroundTasksService': Shutdown of thread pool completed. All currently running threads will finish their work and stop.


----------------------------------------
----------------------------------------
Timestamp: 10/21/2015 12:37:22 PM

Message: WorkerThread is shut down


----------------------------------------
----------------------------------------
Timestamp: 10/21/2015 12:37:22 PM

Message: WorkerThread is shut down


----------------------------------------
----------------------------------------
Timestamp: 10/21/2015 12:37:22 PM

Message: WorkerThread is shut down


----------------------------------------
----------------------------------------
Timestamp: 10/21/2015 12:37:22 PM

Message: Background task scheduler shut down


----------------------------------------
----------------------------------------
Timestamp: 10/21/2015 12:37:22 PM

Message: WorkerThread is shut down


----------------------------------------
----------------------------------------
Timestamp: 10/21/2015 12:37:52 PM

Message: Shutting down threadpool...


----------------------------------------
----------------------------------------
Timestamp: 10/21/2015 12:37:52 PM

Message: Thread pool 'BackgroundTasksService': Shutdown of thread pool completed. Threads aborted.


----------------------------------------
